Added Component: Designator=C7(0603)
Added Component: Designator=C8(0603)
Added Component: Designator=C9(0603)
Added Component: Designator=C10(1206)
Added Component: Designator=D2(0603)
Added Component: Designator=L2(0805)
Added Component: Designator=P3(HDR1X4)
Added Component: Designator=R4(0603)
Added Component: Designator=R5(0603)
Added Component: Designator=R6(0603)
Added Component: Designator=R7(0603)
Added Component: Designator=S2(BUtton-T4)
Added Component: Designator=S3(BUtton-T4)
Added Component: Designator=U3(AP7313-33SAG-7)
Added Component: Designator=U4(HM-13)
Added Pin To Net: NetName=GND Pin=C7-1
Added Pin To Net: NetName=3.3V Pin=C7-2
Added Pin To Net: NetName=GND Pin=C8-1
Added Pin To Net: NetName=5V Pin=C8-2
Added Pin To Net: NetName=GND Pin=C9-1
Added Pin To Net: NetName=3.3V Pin=C9-2
Added Pin To Net: NetName=3.3V Pin=C10-1
Added Pin To Net: NetName=GND Pin=C10-2
Added Pin To Net: NetName=GND Pin=D2-1
Added Pin To Net: NetName=5V Pin=D2-2
Added Pin To Net: NetName=NetL2_1 Pin=L2-1
Added Pin To Net: NetName=GND Pin=L2-2
Added Pin To Net: NetName=5V Pin=P3-1
Added Pin To Net: NetName=GND Pin=P3-2
Added Pin To Net: NetName=TX Pin=P3-3
Added Pin To Net: NetName=RX Pin=P3-4
Added Pin To Net: NetName=NetR4_1 Pin=R4-1
Added Pin To Net: NetName=3.3V Pin=R4-2
Added Pin To Net: NetName=NetR5_1 Pin=R5-1
Added Pin To Net: NetName=NetL2_1 Pin=R5-2
Added Pin To Net: NetName=NetR6_1 Pin=R6-1
Added Pin To Net: NetName=TX Pin=R6-2
Added Pin To Net: NetName=GND Pin=R7-1
Added Pin To Net: NetName=NetR6_1 Pin=R7-2
Added Pin To Net: NetName=NetR4_1 Pin=S2-1
Added Pin To Net: NetName=NetR4_1 Pin=S2-1
Added Pin To Net: NetName=GND Pin=S2-2
Added Pin To Net: NetName=GND Pin=S2-2
Added Pin To Net: NetName=GND Pin=S3-1
Added Pin To Net: NetName=GND Pin=S3-1
Added Pin To Net: NetName=RST Pin=S3-2
Added Pin To Net: NetName=RST Pin=S3-2
Added Pin To Net: NetName=5V Pin=U3-1
Added Pin To Net: NetName=3.3V Pin=U3-2
Added Pin To Net: NetName=GND Pin=U3-3
Added Pin To Net: NetName=RX Pin=U4-2
Added Pin To Net: NetName=NetR6_1 Pin=U4-4
Added Pin To Net: NetName=3.3V Pin=U4-9
Added Pin To Net: NetName=RST Pin=U4-11
Added Pin To Net: NetName=GND Pin=U4-12
Added Pin To Net: NetName=NetR5_1 Pin=U4-15
Added Pin To Net: NetName=NetR4_1 Pin=U4-16
Added Member To Class: ClassName=HM-13 Member=Component C7 0.1uF
Added Member To Class: ClassName=HM-13 Member=Component C8 0.1uF
Added Member To Class: ClassName=HM-13 Member=Component C9 0.1uF
Added Member To Class: ClassName=HM-13 Member=Component C10 10uF/16V
Added Member To Class: ClassName=HM-13 Member=Component D2 Diod
Added Member To Class: ClassName=HM-13 Member=Component L2 LED
Added Member To Class: ClassName=HM-13 Member=Component P3 Header 4
Added Member To Class: ClassName=HM-13 Member=Component R4 2.2K
Added Member To Class: ClassName=HM-13 Member=Component R5 2.2K
Added Member To Class: ClassName=HM-13 Member=Component R6 2.2K
Added Member To Class: ClassName=HM-13 Member=Component R7 2.2K
Added Member To Class: ClassName=HM-13 Member=Component S2 Button
Added Member To Class: ClassName=HM-13 Member=Component S3 Button
Added Member To Class: ClassName=HM-13 Member=Component U3 AP7313
Added Member To Class: ClassName=HM-13 Member=Component U4 HM-13
Added Room: Name=HM-13
