Added Component: Designator=C1(0603)
Added Component: Designator=C2(0603)
Added Component: Designator=C3(0603)
Added Component: Designator=C4(1206)
Added Component: Designator=D1(DO214-AC)
Added Component: Designator=L1(0805)
Added Component: Designator=P1(HDR1X4)
Added Component: Designator=R1(0603)
Added Component: Designator=R2(0603)
Added Component: Designator=R3(0603)
Added Component: Designator=U1(AP7313-33SAG-7)
Added Component: Designator=U2(HM-13)
Added Pin To Net: NetName=GND Pin=C1-1
Added Pin To Net: NetName=5V Pin=C1-2
Added Pin To Net: NetName=GND Pin=C2-1
Added Pin To Net: NetName=3.3V Pin=C2-2
Added Pin To Net: NetName=GND Pin=C3-1
Added Pin To Net: NetName=3.3V Pin=C3-2
Added Pin To Net: NetName=3.3V Pin=C4-1
Added Pin To Net: NetName=GND Pin=C4-2
Added Pin To Net: NetName=GND Pin=D1-1
Added Pin To Net: NetName=5V Pin=D1-2
Added Pin To Net: NetName=NetL1_1 Pin=L1-1
Added Pin To Net: NetName=GND Pin=L1-2
Added Pin To Net: NetName=5V Pin=P1-1
Added Pin To Net: NetName=GND Pin=P1-2
Added Pin To Net: NetName=TX Pin=P1-3
Added Pin To Net: NetName=RX Pin=P1-4
Added Pin To Net: NetName=NetR1_1 Pin=R1-1
Added Pin To Net: NetName=NetL1_1 Pin=R1-2
Added Pin To Net: NetName=NetR2_1 Pin=R2-1
Added Pin To Net: NetName=TX Pin=R2-2
Added Pin To Net: NetName=GND Pin=R3-1
Added Pin To Net: NetName=NetR2_1 Pin=R3-2
Added Pin To Net: NetName=5V Pin=U1-1
Added Pin To Net: NetName=3.3V Pin=U1-2
Added Pin To Net: NetName=GND Pin=U1-3
Added Pin To Net: NetName=RX Pin=U2-2
Added Pin To Net: NetName=NetR2_1 Pin=U2-4
Added Pin To Net: NetName=3.3V Pin=U2-9
Added Pin To Net: NetName=GND Pin=U2-12
Added Pin To Net: NetName=NetR1_1 Pin=U2-15
Added Member To Class: ClassName=HM-13 Member=Component C1 1uF
Added Member To Class: ClassName=HM-13 Member=Component C2 1uF
Added Member To Class: ClassName=HM-13 Member=Component C3 0.1uF
Added Member To Class: ClassName=HM-13 Member=Component C4 10uF/16V
Added Member To Class: ClassName=HM-13 Member=Component D1 TVS
Added Member To Class: ClassName=HM-13 Member=Component L1 LED
Added Member To Class: ClassName=HM-13 Member=Component P1 Header 4
Added Member To Class: ClassName=HM-13 Member=Component R1 470
Added Member To Class: ClassName=HM-13 Member=Component R2 2.2K
Added Member To Class: ClassName=HM-13 Member=Component R3 4.7K
Added Member To Class: ClassName=HM-13 Member=Component U1 AP7313
Added Member To Class: ClassName=HM-13 Member=Component U2 HM-13
Added Room: Name=HM-13
