Change Component Comment : Designator=C7 Old Comment=0.1uF New Comment=1uF
Change Component Comment : Designator=C8 Old Comment=0.1uF New Comment=1uF
Change Component Comment : Designator=R4 Old Comment=2.2K New Comment=1K
Change Component Comment : Designator=R7 Old Comment=2.2K New Comment=4.7K
Change Component Comment : Designator=R5 Old Comment=2.2K New Comment=470
Change Component Designator: OldDesignator=C7 NewDesignator=C1
Change Component Designator: OldDesignator=C8 NewDesignator=C2
Change Component Designator: OldDesignator=C9 NewDesignator=C3
Change Component Designator: OldDesignator=C10 NewDesignator=C4
Change Component Designator: OldDesignator=D2 NewDesignator=D1
Change Component Designator: OldDesignator=L2 NewDesignator=L1
Change Component Designator: OldDesignator=P3 NewDesignator=P1
Change Component Designator: OldDesignator=R4 NewDesignator=R1
Change Component Designator: OldDesignator=R5 NewDesignator=R2
Change Component Designator: OldDesignator=R6 NewDesignator=R3
Change Component Designator: OldDesignator=R7 NewDesignator=R4
Change Component Designator: OldDesignator=S2 NewDesignator=S1
Change Component Designator: OldDesignator=S3 NewDesignator=S2
Change Component Designator: OldDesignator=U3 NewDesignator=U1
Change Component Designator: OldDesignator=U4 NewDesignator=U2
Change Net Name : Old Net Name=NetL2_1 New Net Name=NetL1_1
Change Net Name : Old Net Name=NetR4_1 New Net Name=NetR1_1
Change Net Name : Old Net Name=NetR5_1 New Net Name=NetR2_1
Change Net Name : Old Net Name=NetR6_1 New Net Name=NetR3_1
