Added Component: Designator=H1(DownLoad-H)
Added Component: Designator=L1(0805)
Added Component: Designator=L2(0805)
Added Component: Designator=U1(TJF1051)
Added Component: Designator=U2(TPS5430)
Added Component: Designator=U3(LPC1549JBD48)
Added Component: Designator=U4(SOP-8)
Added Component: Designator=U5(OBD-MaleConnector)
Added Component: Designator=U6(LM317L)
Added Component: Designator=U7(SOT23-3)
Added Component: Designator=X1(12Mhz-DIP)
Added Component: Designator=X?(12Mhz-DIP)
Added Member To Class: ClassName=OBD Member=Component H1 Download
Added Member To Class: ClassName=OBD Member=Component L1 LED
Added Member To Class: ClassName=OBD Member=Component L2 4.7uH
Added Member To Class: ClassName=OBD Member=Component U1 TJF1051T / 3
Added Member To Class: ClassName=OBD Member=Component U2 TPS5430
Added Member To Class: ClassName=OBD Member=Component U3 LPC1549
Added Member To Class: ClassName=OBD Member=Component U4 MC33660EFR2
Added Member To Class: ClassName=OBD Member=Component U5 OBD-Connector
Added Member To Class: ClassName=OBD Member=Component U6 LM317L
Added Member To Class: ClassName=OBD Member=Component U7 IMP809TEUR-T
Added Member To Class: ClassName=OBD Member=Component X1 12MHZ
Added Member To Class: ClassName=OBD Member=Component X? 12MHZ
Added Room: Name=OBD
