Added Component: Designator=C1(0603)
Added Component: Designator=C2(0603)
Added Component: Designator=C3(0603)
Added Component: Designator=C4(0603)
Added Component: Designator=C5(0603)
Added Component: Designator=C6(0603)
Added Component: Designator=C7(0603)
Added Component: Designator=C8(0603)
Added Component: Designator=C9(0603)
Added Component: Designator=C10(0603)
Added Component: Designator=C11(0603)
Added Component: Designator=C12(0603)
Added Component: Designator=C13(0603)
Added Component: Designator=C14(0603)
Added Component: Designator=C15(0603)
Added Component: Designator=C16(0603)
Added Component: Designator=C17(0603)
Added Component: Designator=C19(CAPAE-8.5*8.5)
Added Component: Designator=C20(0603)
Added Component: Designator=C21(CAPM-7.0*4.5)
Added Component: Designator=C22(CAPM-5.5*3.3)
Added Component: Designator=C23(0603)
Added Component: Designator=C24(CAPM-5.5*3.3)
Added Component: Designator=D1(DO214-AC)
Added Component: Designator=D2(DO214-AC)
Added Component: Designator=D3(DO214-AC)
Added Component: Designator=L1(0805)
Added Component: Designator=L2(0805)
Added Component: Designator=L3(0805)
Added Component: Designator=L4(0805)
Added Component: Designator=L5(7*7*4-15uH)
Added Component: Designator=P1(JATG_10pin)
Added Component: Designator=P2(HDR1X3)
Added Component: Designator=P3(HDR1X3)
Added Component: Designator=P4(HDR1X4)
Added Component: Designator=R1(0603)
Added Component: Designator=R2(0603)
Added Component: Designator=R3(0603)
Added Component: Designator=R4(0603)
Added Component: Designator=R5(0603)
Added Component: Designator=R6(0603)
Added Component: Designator=R7(0603)
Added Component: Designator=R8(0603)
Added Component: Designator=R9(0603)
Added Component: Designator=R10(0603)
Added Component: Designator=R11(0603)
Added Component: Designator=R12(0603)
Added Component: Designator=R13(0603)
Added Component: Designator=R14(0603)
Added Component: Designator=R15(0603)
Added Component: Designator=U1(HM-13)
Added Component: Designator=U2(OBD-MaleConnector)
Added Component: Designator=U3(TJF1051)
Added Component: Designator=U4(LPC1549JBD48)
Added Component: Designator=U5(SOP-8)
Added Component: Designator=U6(TPS5430)
Added Component: Designator=U7(LM317L)
Added Component: Designator=U8(Micro-USB)
Added Component: Designator=U9(SOT23-3)
Added Component: Designator=X1(12Mhz-DFN)
Added Pin To Net: NetName=GND Pin=C1-1
Added Pin To Net: NetName=3.3V Pin=C1-2
Added Pin To Net: NetName=GND Pin=C2-1
Added Pin To Net: NetName=3.3V Pin=C2-2
Added Pin To Net: NetName=GND Pin=C3-1
Added Pin To Net: NetName=3.3V Pin=C3-2
Added Pin To Net: NetName=GND Pin=C4-1
Added Pin To Net: NetName=3.3V Pin=C4-2
Added Pin To Net: NetName=NetC5_1 Pin=C5-1
Added Pin To Net: NetName=GND Pin=C5-2
Added Pin To Net: NetName=NetC6_1 Pin=C6-1
Added Pin To Net: NetName=GND Pin=C6-2
Added Pin To Net: NetName=GND Pin=C7-1
Added Pin To Net: NetName=3.3V Pin=C7-2
Added Pin To Net: NetName=GND Pin=C8-1
Added Pin To Net: NetName=3.3V Pin=C8-2
Added Pin To Net: NetName=5V Pin=C9-1
Added Pin To Net: NetName=GND Pin=C9-2
Added Pin To Net: NetName=5V Pin=C10-1
Added Pin To Net: NetName=GND Pin=C10-2
Added Pin To Net: NetName=3.3V Pin=C11-1
Added Pin To Net: NetName=GND Pin=C11-2
Added Pin To Net: NetName=3.3V Pin=C12-1
Added Pin To Net: NetName=GND Pin=C12-2
Added Pin To Net: NetName=GND Pin=C13-1
Added Pin To Net: NetName=NetC13_2 Pin=C13-2
Added Pin To Net: NetName=GND Pin=C14-1
Added Pin To Net: NetName=NetC14_2 Pin=C14-2
Added Pin To Net: NetName=12V Pin=C15-1
Added Pin To Net: NetName=GND Pin=C15-2
Added Pin To Net: NetName=GND Pin=C16-1
Added Pin To Net: NetName=5V Pin=C16-2
Added Pin To Net: NetName=GND Pin=C17-1
Added Pin To Net: NetName=3.3V Pin=C17-2
Added Pin To Net: NetName=5V Pin=C19-1
Added Pin To Net: NetName=GND Pin=C19-2
Added Pin To Net: NetName=BOOT Pin=C20-1
Added Pin To Net: NetName=NetC20_2 Pin=C20-2
Added Pin To Net: NetName=12V Pin=C21-1
Added Pin To Net: NetName=GND Pin=C21-2
Added Pin To Net: NetName=3.3V Pin=C22-1
Added Pin To Net: NetName=GND Pin=C22-2
Added Pin To Net: NetName=GND Pin=C23-1
Added Pin To Net: NetName=5V Pin=C23-2
Added Pin To Net: NetName=ADJ Pin=C24-1
Added Pin To Net: NetName=GND Pin=C24-2
Added Pin To Net: NetName=GND Pin=D1-1
Added Pin To Net: NetName=NetC20_2 Pin=D1-2
Added Pin To Net: NetName=3.3V Pin=D2-1
Added Pin To Net: NetName=5V Pin=D2-2
Added Pin To Net: NetName=ADJ Pin=D3-1
Added Pin To Net: NetName=3.3V Pin=D3-2
Added Pin To Net: NetName=NetL1_1 Pin=L1-1
Added Pin To Net: NetName=GND Pin=L1-2
Added Pin To Net: NetName=NetL2_1 Pin=L2-1
Added Pin To Net: NetName=GND Pin=L2-2
Added Pin To Net: NetName=NetL3_1 Pin=L3-1
Added Pin To Net: NetName=PIN_18 Pin=L3-2
Added Pin To Net: NetName=NetL4_1 Pin=L4-1
Added Pin To Net: NetName=NetU4_8 Pin=L4-2
Added Pin To Net: NetName=NetC20_2 Pin=L5-1
Added Pin To Net: NetName=5V Pin=L5-2
Added Pin To Net: NetName=3.3V Pin=P1-1
Added Pin To Net: NetName=SWDIO Pin=P1-2
Added Pin To Net: NetName=GND Pin=P1-3
Added Pin To Net: NetName=SWDCLK Pin=P1-4
Added Pin To Net: NetName=GND Pin=P1-5
Added Pin To Net: NetName=GND Pin=P1-9
Added Pin To Net: NetName=R\S\T\ Pin=P1-10
Added Pin To Net: NetName=3.3V Pin=P2-1
Added Pin To Net: NetName=ISP0 Pin=P2-2
Added Pin To Net: NetName=GND Pin=P2-3
Added Pin To Net: NetName=3.3V Pin=P3-1
Added Pin To Net: NetName=ISP1 Pin=P3-2
Added Pin To Net: NetName=GND Pin=P3-3
Added Pin To Net: NetName=GND Pin=P4-1
Added Pin To Net: NetName=RX Pin=P4-2
Added Pin To Net: NetName=TX Pin=P4-3
Added Pin To Net: NetName=NetR1_1 Pin=R1-1
Added Pin To Net: NetName=NetL1_1 Pin=R1-2
Added Pin To Net: NetName=3.3V Pin=R2-1
Added Pin To Net: NetName=SWDIO Pin=R2-2
Added Pin To Net: NetName=K-LINE Pin=R3-1
Added Pin To Net: NetName=12V Pin=R3-2
Added Pin To Net: NetName=5V Pin=R4-1
Added Pin To Net: NetName=NetL2_1 Pin=R4-2
Added Pin To Net: NetName=5V Pin=R5-1
Added Pin To Net: NetName=NetL3_1 Pin=R5-2
Added Pin To Net: NetName=GND Pin=R6-1
Added Pin To Net: NetName=SWDCLK Pin=R6-2
Added Pin To Net: NetName=5V Pin=R7-1
Added Pin To Net: NetName=NetL4_1 Pin=R7-2
Added Pin To Net: NetName=NetC14_2 Pin=R8-1
Added Pin To Net: NetName=CAN_H Pin=R8-2
Added Pin To Net: NetName=NetC13_2 Pin=R9-1
Added Pin To Net: NetName=CAN_L Pin=R9-2
Added Pin To Net: NetName=NetR10_1 Pin=R10-1
Added Pin To Net: NetName=5V Pin=R10-2
Added Pin To Net: NetName=VFB Pin=R11-1
Added Pin To Net: NetName=5V Pin=R11-2
Added Pin To Net: NetName=GND Pin=R12-1
Added Pin To Net: NetName=VFB Pin=R12-2
Added Pin To Net: NetName=ADJ Pin=R13-1
Added Pin To Net: NetName=3.3V Pin=R13-2
Added Pin To Net: NetName=GND Pin=R14-1
Added Pin To Net: NetName=ADJ Pin=R14-2
Added Pin To Net: NetName=R\S\T\ Pin=R15-1
Added Pin To Net: NetName=PIN_19 Pin=R15-2
Added Pin To Net: NetName=BL_TX Pin=U1-2
Added Pin To Net: NetName=BL_RX Pin=U1-4
Added Pin To Net: NetName=3.3V Pin=U1-9
Added Pin To Net: NetName=R\S\T\ Pin=U1-11
Added Pin To Net: NetName=GND Pin=U1-12
Added Pin To Net: NetName=NetR1_1 Pin=U1-15
Added Pin To Net: NetName=GND Pin=U2-4
Added Pin To Net: NetName=GND Pin=U2-5
Added Pin To Net: NetName=CAN_H Pin=U2-6
Added Pin To Net: NetName=K-LINE Pin=U2-7
Added Pin To Net: NetName=CAN_L Pin=U2-14
Added Pin To Net: NetName=12V Pin=U2-16
Added Pin To Net: NetName=NetU3_1 Pin=U3-1
Added Pin To Net: NetName=GND Pin=U3-2
Added Pin To Net: NetName=5V Pin=U3-3
Added Pin To Net: NetName=NetU3_4 Pin=U3-4
Added Pin To Net: NetName=3.3V Pin=U3-5
Added Pin To Net: NetName=CAN_L Pin=U3-6
Added Pin To Net: NetName=CAN_H Pin=U3-7
Added Pin To Net: NetName=GND Pin=U3-8
Added Pin To Net: NetName=BL_TX Pin=U4-1
Added Pin To Net: NetName=BL_RX Pin=U4-2
Added Pin To Net: NetName=ISP0 Pin=U4-5
Added Pin To Net: NetName=3.3V Pin=U4-10
Added Pin To Net: NetName=GND Pin=U4-11
Added Pin To Net: NetName=3.3V Pin=U4-14
Added Pin To Net: NetName=3.3V Pin=U4-16
Added Pin To Net: NetName=GND Pin=U4-17
Added Pin To Net: NetName=GND Pin=U4-20
Added Pin To Net: NetName=RX Pin=U4-22
Added Pin To Net: NetName=TX Pin=U4-23
Added Pin To Net: NetName=ISP1 Pin=U4-24
Added Pin To Net: NetName=NetC5_1 Pin=U4-25
Added Pin To Net: NetName=NetC6_1 Pin=U4-26
Added Pin To Net: NetName=3.3V Pin=U4-27
Added Pin To Net: NetName=SWDCLK Pin=U4-29
Added Pin To Net: NetName=3.3V Pin=U4-30
Added Pin To Net: NetName=SWDIO Pin=U4-33
Added Pin To Net: NetName=R\S\T\ Pin=U4-34
Added Pin To Net: NetName=D+ Pin=U4-35
Added Pin To Net: NetName=D- Pin=U4-36
Added Pin To Net: NetName=PIN_18 Pin=U4-37
Added Pin To Net: NetName=NetU3_4 Pin=U4-38
Added Pin To Net: NetName=3.3V Pin=U4-39
Added Pin To Net: NetName=GND Pin=U4-40
Added Pin To Net: NetName=GND Pin=U4-41
Added Pin To Net: NetName=3.3V Pin=U4-42
Added Pin To Net: NetName=NetU3_1 Pin=U4-43
Added Pin To Net: NetName=NetU4_8 Pin=U4-44
Added Pin To Net: NetName=NetR10_1 Pin=U4-45
Added Pin To Net: NetName=12V Pin=U5-1
Added Pin To Net: NetName=GND Pin=U5-3
Added Pin To Net: NetName=K-LINE Pin=U5-4
Added Pin To Net: NetName=NetR10_1 Pin=U5-5
Added Pin To Net: NetName=5V Pin=U5-7
Added Pin To Net: NetName=5V Pin=U5-8
Added Pin To Net: NetName=BOOT Pin=U6-1
Added Pin To Net: NetName=VFB Pin=U6-4
Added Pin To Net: NetName=GND Pin=U6-6
Added Pin To Net: NetName=12V Pin=U6-7
Added Pin To Net: NetName=NetC20_2 Pin=U6-8
Added Pin To Net: NetName=5V Pin=U7-1
Added Pin To Net: NetName=3.3V Pin=U7-2
Added Pin To Net: NetName=3.3V Pin=U7-3
Added Pin To Net: NetName=ADJ Pin=U7-4
Added Pin To Net: NetName=3.3V Pin=U7-6
Added Pin To Net: NetName=3.3V Pin=U7-7
Added Pin To Net: NetName=GND Pin=U8-1
Added Pin To Net: NetName=GND Pin=U8-1
Added Pin To Net: NetName=GND Pin=U8-1
Added Pin To Net: NetName=GND Pin=U8-1
Added Pin To Net: NetName=GND Pin=U8-1
Added Pin To Net: NetName=GND Pin=U8-1
Added Pin To Net: NetName=GND Pin=U8-1
Added Pin To Net: NetName=GND Pin=U8-1
Added Pin To Net: NetName=GND Pin=U8-1
Added Pin To Net: NetName=D+ Pin=U8-3
Added Pin To Net: NetName=D- Pin=U8-4
Added Pin To Net: NetName=5V Pin=U8-5
Added Pin To Net: NetName=GND Pin=U9-1
Added Pin To Net: NetName=PIN_19 Pin=U9-2
Added Pin To Net: NetName=3.3V Pin=U9-3
Added Pin To Net: NetName=NetC6_1 Pin=X1-1
Added Pin To Net: NetName=NetC5_1 Pin=X1-2
Change Net Name : Old Net Name=NetU4_8 New Net Name=PIN_44
Change Net Name : Old Net Name=PIN_18 New Net Name=PIN_37
Change Net Name : Old Net Name=PIN_19 New Net Name=NetR15_2
Added Pin To Net: NetName=NetU4_46 Pin=U4-46
Added Pin To Net: NetName=NetU4_46 Pin=U5-6
Added Net: Name=NetU4_46
Added Member To Class: ClassName=Bluetooth Member=Component C1 0.1uF
Added Member To Class: ClassName=Bluetooth Member=Component C2 10uF
Added Member To Class: ClassName=Core Member=Component C3 10uF
Added Member To Class: ClassName=Core Member=Component C4 0.1uF
Added Member To Class: ClassName=Core Member=Component C5 22pF
Added Member To Class: ClassName=Core Member=Component C6 22pF
Added Member To Class: ClassName=Core Member=Component C7 4.7uF
Added Member To Class: ClassName=Core Member=Component C8 0.1uF
Added Member To Class: ClassName=Core Member=Component C9 10uF
Added Member To Class: ClassName=Core Member=Component C10 0.1uF
Added Member To Class: ClassName=Core Member=Component C11 10uF
Added Member To Class: ClassName=Core Member=Component C12 0.1uF
Added Member To Class: ClassName=Core Member=Component C13 560pF
Added Member To Class: ClassName=Core Member=Component C14 560pF
Added Member To Class: ClassName=Core Member=Component C15 0.1uF
Added Member To Class: ClassName=Core Member=Component C16 0.1uF
Added Member To Class: ClassName=Core Member=Component C17 0.1uF
Added Member To Class: ClassName=Power Member=Component C19 220uF
Added Member To Class: ClassName=Power Member=Component C20 0.01uF
Added Member To Class: ClassName=Power Member=Component C21 100uF/16V
Added Member To Class: ClassName=Power Member=Component C22 10uF/16V
Added Member To Class: ClassName=Power Member=Component C23 0.1uF
Added Member To Class: ClassName=Power Member=Component C24 10uF/16V
Added Member To Class: ClassName=Power Member=Component D1 B340A
Added Member To Class: ClassName=Power Member=Component D2 1N4007
Added Member To Class: ClassName=Power Member=Component D3 1N4007
Added Member To Class: ClassName=Bluetooth Member=Component L1 LED
Added Member To Class: ClassName=Core Member=Component L2 LED
Added Member To Class: ClassName=Core Member=Component L3 LED
Added Member To Class: ClassName=Core Member=Component L4 LED
Added Member To Class: ClassName=Power Member=Component L5 15uH
Added Member To Class: ClassName=Core Member=Component P1 Debug
Added Member To Class: ClassName=Core Member=Component P2 
Added Member To Class: ClassName=Core Member=Component P3 
Added Member To Class: ClassName=Core Member=Component P4 downloader
Added Member To Class: ClassName=Bluetooth Member=Component R1 470
Added Member To Class: ClassName=Core Member=Component R2 10K
Added Member To Class: ClassName=Core Member=Component R3 510R
Added Member To Class: ClassName=Core Member=Component R4 330R
Added Member To Class: ClassName=Core Member=Component R5 330R
Added Member To Class: ClassName=Core Member=Component R6 10K
Added Member To Class: ClassName=Core Member=Component R7 330R
Added Member To Class: ClassName=Core Member=Component R8 100R
Added Member To Class: ClassName=Core Member=Component R9 100R
Added Member To Class: ClassName=Core Member=Component R10 3.3K
Added Member To Class: ClassName=Power Member=Component R11 10K
Added Member To Class: ClassName=Power Member=Component R12 3.24K
Added Member To Class: ClassName=Power Member=Component R13 470R
Added Member To Class: ClassName=Power Member=Component R14 820R
Added Member To Class: ClassName=Core Member=Component R15 100K
Added Member To Class: ClassName=Bluetooth Member=Component U1 HM-13
Added Member To Class: ClassName=Core Member=Component U2 OBD-Connector
Added Member To Class: ClassName=Core Member=Component U3 TJF1051T / 3
Added Member To Class: ClassName=Core Member=Component U4 LPC1549
Added Member To Class: ClassName=Core Member=Component U5 MC33660EFR2
Added Member To Class: ClassName=Power Member=Component U6 TPS5430
Added Member To Class: ClassName=Power Member=Component U7 LM317L
Added Member To Class: ClassName=USB Member=Component U8 MicroUSB
Added Member To Class: ClassName=Core Member=Component U9 IMP809TEUR-T
Added Member To Class: ClassName=Core Member=Component X1 12MHZ
Added Room: Name=Bluetooth
Added Room: Name=Core
Added Room: Name=Power
Added Room: Name=USB
