Replace Part C5 Cap1 in C:\Users\Topon\Desktop\OBD-II\pcb\Projects\OBD-II-Based-BMSPP7805NC2\Core.SchDoc with Cap1 from ToponLib.IntLib
Replace Part C6 Cap1 in C:\Users\Topon\Desktop\OBD-II\pcb\Projects\OBD-II-Based-BMSPP7805NC2\Core.SchDoc with Cap1 from ToponLib.IntLib
Replace Part C7 Cap1 in C:\Users\Topon\Desktop\OBD-II\pcb\Projects\OBD-II-Based-BMSPP7805NC2\Core.SchDoc with Cap1 from ToponLib.IntLib
Replace Part C8 Cap1 in C:\Users\Topon\Desktop\OBD-II\pcb\Projects\OBD-II-Based-BMSPP7805NC2\Core.SchDoc with Cap1 from ToponLib.IntLib
Replace Part C9 Cap1 in C:\Users\Topon\Desktop\OBD-II\pcb\Projects\OBD-II-Based-BMSPP7805NC2\Core.SchDoc with Cap1 from ToponLib.IntLib
Replace Part C10 Cap1 in C:\Users\Topon\Desktop\OBD-II\pcb\Projects\OBD-II-Based-BMSPP7805NC2\Core.SchDoc with Cap1 from ToponLib.IntLib
Replace Part C11 Cap1 in C:\Users\Topon\Desktop\OBD-II\pcb\Projects\OBD-II-Based-BMSPP7805NC2\Core.SchDoc with Cap1 from ToponLib.IntLib
Replace Part C12 Cap1 in C:\Users\Topon\Desktop\OBD-II\pcb\Projects\OBD-II-Based-BMSPP7805NC2\Core.SchDoc with Cap1 from ToponLib.IntLib
Replace Part C13 Cap1 in C:\Users\Topon\Desktop\OBD-II\pcb\Projects\OBD-II-Based-BMSPP7805NC2\Core.SchDoc with Cap1 from ToponLib.IntLib
Replace Part C14 Cap1 in C:\Users\Topon\Desktop\OBD-II\pcb\Projects\OBD-II-Based-BMSPP7805NC2\Core.SchDoc with Cap1 from ToponLib.IntLib
Replace Part C15 Cap1 in C:\Users\Topon\Desktop\OBD-II\pcb\Projects\OBD-II-Based-BMSPP7805NC2\Core.SchDoc with Cap1 from ToponLib.IntLib
Replace Part C16 Cap1 in C:\Users\Topon\Desktop\OBD-II\pcb\Projects\OBD-II-Based-BMSPP7805NC2\Core.SchDoc with Cap1 from ToponLib.IntLib
Replace Part C17 Cap1 in C:\Users\Topon\Desktop\OBD-II\pcb\Projects\OBD-II-Based-BMSPP7805NC2\Core.SchDoc with Cap1 from ToponLib.IntLib
Replace Part C18 Cap1 in C:\Users\Topon\Desktop\OBD-II\pcb\Projects\OBD-II-Based-BMSPP7805NC2\Core.SchDoc with Cap1 from ToponLib.IntLib
Replace Part C25 Cap1 in C:\Users\Topon\Desktop\OBD-II\pcb\Projects\OBD-II-Based-BMSPP7805NC2\Core.SchDoc with Cap1 from ToponLib.IntLib
Replace Part C26 Cap1 in C:\Users\Topon\Desktop\OBD-II\pcb\Projects\OBD-II-Based-BMSPP7805NC2\Core.SchDoc with Cap1 from ToponLib.IntLib
Replace Part C27 Cap1 in C:\Users\Topon\Desktop\OBD-II\pcb\Projects\OBD-II-Based-BMSPP7805NC2\Core.SchDoc with Cap1 from ToponLib.IntLib
Replace Part L2 LED in C:\Users\Topon\Desktop\OBD-II\pcb\Projects\OBD-II-Based-BMSPP7805NC2\Core.SchDoc with LED from ToponLib.IntLib
Replace Part L3 LED in C:\Users\Topon\Desktop\OBD-II\pcb\Projects\OBD-II-Based-BMSPP7805NC2\Core.SchDoc with LED from ToponLib.IntLib
Replace Part L4 LED in C:\Users\Topon\Desktop\OBD-II\pcb\Projects\OBD-II-Based-BMSPP7805NC2\Core.SchDoc with LED from ToponLib.IntLib
Replace Part P1 JTAG_10Pin in C:\Users\Topon\Desktop\OBD-II\pcb\Projects\OBD-II-Based-BMSPP7805NC2\Core.SchDoc with JTAG_10Pin from ToponLib.IntLib
Replace Part P2 Header 3 in C:\Users\Topon\Desktop\OBD-II\pcb\Projects\OBD-II-Based-BMSPP7805NC2\Core.SchDoc with Header 3 from Miscellaneous Connectors.IntLib
Replace Part P3 Header 3 in C:\Users\Topon\Desktop\OBD-II\pcb\Projects\OBD-II-Based-BMSPP7805NC2\Core.SchDoc with Header 3 from Miscellaneous Connectors.IntLib
Replace Part P4 Header 4 in C:\Users\Topon\Desktop\OBD-II\pcb\Projects\OBD-II-Based-BMSPP7805NC2\Core.SchDoc with Header 4 from Miscellaneous Connectors.IntLib
Replace Part R1 Res in C:\Users\Topon\Desktop\OBD-II\pcb\Projects\OBD-II-Based-BMSPP7805NC2\Core.SchDoc with Res from ToponLib.IntLib
Replace Part R2 Res in C:\Users\Topon\Desktop\OBD-II\pcb\Projects\OBD-II-Based-BMSPP7805NC2\Core.SchDoc with Res from ToponLib.IntLib
Replace Part R3 Res in C:\Users\Topon\Desktop\OBD-II\pcb\Projects\OBD-II-Based-BMSPP7805NC2\Core.SchDoc with Res from ToponLib.IntLib
Replace Part R4 Res in C:\Users\Topon\Desktop\OBD-II\pcb\Projects\OBD-II-Based-BMSPP7805NC2\Core.SchDoc with Res from ToponLib.IntLib
Replace Part R5 Res in C:\Users\Topon\Desktop\OBD-II\pcb\Projects\OBD-II-Based-BMSPP7805NC2\Core.SchDoc with Res from ToponLib.IntLib
Replace Part R6 Res in C:\Users\Topon\Desktop\OBD-II\pcb\Projects\OBD-II-Based-BMSPP7805NC2\Core.SchDoc with Res from ToponLib.IntLib
Replace Part R7 Res in C:\Users\Topon\Desktop\OBD-II\pcb\Projects\OBD-II-Based-BMSPP7805NC2\Core.SchDoc with Res from ToponLib.IntLib
Replace Part R12 Res in C:\Users\Topon\Desktop\OBD-II\pcb\Projects\OBD-II-Based-BMSPP7805NC2\Core.SchDoc with Res from ToponLib.IntLib
Replace Part R13 Res in C:\Users\Topon\Desktop\OBD-II\pcb\Projects\OBD-II-Based-BMSPP7805NC2\Core.SchDoc with Res from ToponLib.IntLib
Replace Part R14 Res in C:\Users\Topon\Desktop\OBD-II\pcb\Projects\OBD-II-Based-BMSPP7805NC2\Core.SchDoc with Res from ToponLib.IntLib
Replace Part U3 OBD-MaleHead in C:\Users\Topon\Desktop\OBD-II\pcb\Projects\OBD-II-Based-BMSPP7805NC2\Core.SchDoc with OBD-MaleHead from ToponLib.IntLib
Replace Part U4 TJF1051T / 3 in C:\Users\Topon\Desktop\OBD-II\pcb\Projects\OBD-II-Based-BMSPP7805NC2\Core.SchDoc with TJF1051T / 3 from ToponLib.IntLib
Replace Part U5 LPC1549JBD48 in C:\Users\Topon\Desktop\OBD-II\pcb\Projects\OBD-II-Based-BMSPP7805NC2\Core.SchDoc with LPC1549JBD48 from ToponLib.IntLib
Replace Part U6 MC33660EFR2 in C:\Users\Topon\Desktop\OBD-II\pcb\Projects\OBD-II-Based-BMSPP7805NC2\Core.SchDoc with MC33660EFR2 from ToponLib.IntLib
Replace Part U9 IMP809TEUR-T in C:\Users\Topon\Desktop\OBD-II\pcb\Projects\OBD-II-Based-BMSPP7805NC2\Core.SchDoc with IMP809TEUR-T from ToponLib.IntLib
Replace Part X1 OSC in C:\Users\Topon\Desktop\OBD-II\pcb\Projects\OBD-II-Based-BMSPP7805NC2\Core.SchDoc with OSC from ToponLib.IntLib
