Removed Pin From Net: NetName=GND Pin=U7-9
Added Component: Designator=U1(Micro-USB-B-Female)
Added Pin To Net: NetName=GND Pin=U1-5
Added Member To Class: ClassName=Bluetooth Member=Component B1 1nH
Added Member To Class: ClassName=Bluetooth Member=Component C1 15pf
Added Member To Class: ClassName=Bluetooth Member=Component C2 15pF
Added Member To Class: ClassName=Bluetooth Member=Component C3 0.1uF
Added Member To Class: ClassName=Bluetooth Member=Component C4 10uF
Added Member To Class: ClassName=Core Member=Component C5 10uF
Added Member To Class: ClassName=Core Member=Component C6 0.1uF
Added Member To Class: ClassName=Core Member=Component C7 22pF
Added Member To Class: ClassName=Core Member=Component C8 22pF
Added Member To Class: ClassName=Core Member=Component C9 4.7uF
Added Member To Class: ClassName=Core Member=Component C10 0.1uF
Added Member To Class: ClassName=Core Member=Component C11 10uF
Added Member To Class: ClassName=Core Member=Component C12 0.1uF
Added Member To Class: ClassName=Core Member=Component C13 560pF
Added Member To Class: ClassName=Core Member=Component C14 560pF
Added Member To Class: ClassName=Core Member=Component C15 0.1uF
Added Member To Class: ClassName=Core Member=Component C16 0.1uF
Added Member To Class: ClassName=Power Member=Component C19 220uF
Added Member To Class: ClassName=Power Member=Component C20 0.01uF
Added Member To Class: ClassName=Power Member=Component C21 10uF/16V
Added Member To Class: ClassName=Power Member=Component C22 10uF/16V
Added Member To Class: ClassName=Power Member=Component C23 0.1uF
Added Member To Class: ClassName=Power Member=Component C24 10uF/16V
Added Member To Class: ClassName=Core Member=Component C25 0.1uF
Added Member To Class: ClassName=Core Member=Component C26 10uF
Added Member To Class: ClassName=Core Member=Component C27 0.1uF
Added Member To Class: ClassName=Power Member=Component D1 B340A
Added Member To Class: ClassName=Power Member=Component D2 1N4007
Added Member To Class: ClassName=Power Member=Component D3 1N4007
Added Member To Class: ClassName=Bluetooth Member=Component E1 PCB_ANT
Added Member To Class: ClassName=Bluetooth Member=Component L1 LED
Added Member To Class: ClassName=Core Member=Component L2 LED
Added Member To Class: ClassName=Core Member=Component L3 LED
Added Member To Class: ClassName=Core Member=Component L4 LED
Added Member To Class: ClassName=Power Member=Component L5 15uH
Added Member To Class: ClassName=Core Member=Component P1 Debug
Added Member To Class: ClassName=Core Member=Component P2 
Added Member To Class: ClassName=Core Member=Component P3 
Added Member To Class: ClassName=Core Member=Component P4 downloader
Added Member To Class: ClassName=Core Member=Component R1 510R
Added Member To Class: ClassName=Core Member=Component R2 330R
Added Member To Class: ClassName=Core Member=Component R3 330R
Added Member To Class: ClassName=Core Member=Component R4 330R
Added Member To Class: ClassName=Core Member=Component R5 100R
Added Member To Class: ClassName=Core Member=Component R6 100R
Added Member To Class: ClassName=Core Member=Component R7 3.3K
Added Member To Class: ClassName=Power Member=Component R8 10K
Added Member To Class: ClassName=Power Member=Component R9 3.24K
Added Member To Class: ClassName=Power Member=Component R10 470R
Added Member To Class: ClassName=Power Member=Component R11 820R
Added Member To Class: ClassName=Core Member=Component R12 10K
Added Member To Class: ClassName=Core Member=Component R13 10K
Added Member To Class: ClassName=Core Member=Component R14 100K
Added Member To Class: ClassName=USB Member=Component U1 MicroUSB-B-Female
Added Member To Class: ClassName=Bluetooth Member=Component U2 BM78SPP05NC2
Added Member To Class: ClassName=Core Member=Component U3 OBD-Connector
Added Member To Class: ClassName=Core Member=Component U4 TJF1051T / 3
Added Member To Class: ClassName=Core Member=Component U5 LPC1549
Added Member To Class: ClassName=Core Member=Component U6 MC33660EFR2
Added Member To Class: ClassName=Power Member=Component U7 TPS5430
Added Member To Class: ClassName=Power Member=Component U8 LM317L
Added Member To Class: ClassName=Core Member=Component U9 IMP809TEUR-T
Added Member To Class: ClassName=Core Member=Component X1 12MHZ
Added Room: Name=Bluetooth
Added Room: Name=Core
Added Room: Name=Power
Added Room: Name=USB
