Added Component: Designator=B1(0603)
Added Component: Designator=C1(0603)
Added Component: Designator=C2(0603)
Added Component: Designator=C3(0603)
Added Component: Designator=C4(0603)
Added Component: Designator=C5(1206)
Added Component: Designator=C6(0603)
Added Component: Designator=C7(0603)
Added Component: Designator=C8(0603)
Added Component: Designator=C9(0603)
Added Component: Designator=C10(1206)
Added Component: Designator=D1(0603)
Added Component: Designator=D2(0603)
Added Component: Designator=L1(0805)
Added Component: Designator=L2(0805)
Added Component: Designator=P1(Header3)
Added Component: Designator=P2(HDR1X4)
Added Component: Designator=P3(HDR1X4)
Added Component: Designator=R1(0603)
Added Component: Designator=R2(0603)
Added Component: Designator=R3(0603)
Added Component: Designator=R4(0603)
Added Component: Designator=R5(0603)
Added Component: Designator=R6(0603)
Added Component: Designator=R7(0603)
Added Component: Designator=S1(BUtton-T4)
Added Component: Designator=S2(BUtton-T4)
Added Component: Designator=S3(BUtton-T4)
Added Component: Designator=U1(AP7313-33SAG-7)
Added Component: Designator=U2(BM78SPP05NC2)
Added Component: Designator=U3(AP7313-33SAG-7)
Added Component: Designator=U4(HM-13)
Added Pin To Net: NetName=NetB1_1 Pin=B1-1
Added Pin To Net: NetName=ANT Pin=B1-2
Added Pin To Net: NetName=GND Pin=C1-1
Added Pin To Net: NetName=NetB1_1 Pin=C1-2
Added Pin To Net: NetName=GND Pin=C2-1
Added Pin To Net: NetName=ANT Pin=C2-2
Added Pin To Net: NetName=GND Pin=C3-1
Added Pin To Net: NetName=5V Pin=C3-2
Added Pin To Net: NetName=GND Pin=C4-1
Added Pin To Net: NetName=3.3V Pin=C4-2
Added Pin To Net: NetName=3.3V Pin=C5-1
Added Pin To Net: NetName=GND Pin=C5-2
Added Pin To Net: NetName=3.3V Pin=C6-1
Added Pin To Net: NetName=GND Pin=C6-2
Added Pin To Net: NetName=GND Pin=C7-1
Added Pin To Net: NetName=3.3V Pin=C7-2
Added Pin To Net: NetName=GND Pin=C8-1
Added Pin To Net: NetName=5V Pin=C8-2
Added Pin To Net: NetName=GND Pin=C9-1
Added Pin To Net: NetName=3.3V Pin=C9-2
Added Pin To Net: NetName=3.3V Pin=C10-1
Added Pin To Net: NetName=GND Pin=C10-2
Added Pin To Net: NetName=GND Pin=D1-1
Added Pin To Net: NetName=5V Pin=D1-2
Added Pin To Net: NetName=GND Pin=D2-1
Added Pin To Net: NetName=5V Pin=D2-2
Added Pin To Net: NetName=LDO33_O Pin=L1-1
Added Pin To Net: NetName=LED1 Pin=L1-2
Added Pin To Net: NetName=NetL2_1 Pin=L2-1
Added Pin To Net: NetName=GND Pin=L2-2
Added Pin To Net: NetName=NetP1_1 Pin=P1-1
Added Pin To Net: NetName=SW_BTN Pin=P1-2
Added Pin To Net: NetName=3.3V Pin=P1-3
Added Pin To Net: NetName=5V Pin=P2-1
Added Pin To Net: NetName=GND Pin=P2-2
Added Pin To Net: NetName=TX Pin=P2-3
Added Pin To Net: NetName=RX Pin=P2-4
Added Pin To Net: NetName=5V Pin=P3-1
Added Pin To Net: NetName=GND Pin=P3-2
Added Pin To Net: NetName=TX Pin=P3-3
Added Pin To Net: NetName=RX Pin=P3-4
Added Pin To Net: NetName=TX Pin=R1-1
Added Pin To Net: NetName=NetR1_2 Pin=R1-2
Added Pin To Net: NetName=GND Pin=R2-1
Added Pin To Net: NetName=NetR1_2 Pin=R2-2
Added Pin To Net: NetName=GND Pin=R3-1
Added Pin To Net: NetName=NetP1_1 Pin=R3-2
Added Pin To Net: NetName=NetR4_1 Pin=R4-1
Added Pin To Net: NetName=3.3V Pin=R4-2
Added Pin To Net: NetName=NetR5_1 Pin=R5-1
Added Pin To Net: NetName=NetL2_1 Pin=R5-2
Added Pin To Net: NetName=NetR6_1 Pin=R6-1
Added Pin To Net: NetName=TX Pin=R6-2
Added Pin To Net: NetName=GND Pin=R7-1
Added Pin To Net: NetName=NetR6_1 Pin=R7-2
Added Pin To Net: NetName=GND Pin=S1-1
Added Pin To Net: NetName=GND Pin=S1-1
Added Pin To Net: NetName=NetS1_2 Pin=S1-2
Added Pin To Net: NetName=NetS1_2 Pin=S1-2
Added Pin To Net: NetName=NetR4_1 Pin=S2-1
Added Pin To Net: NetName=NetR4_1 Pin=S2-1
Added Pin To Net: NetName=GND Pin=S2-2
Added Pin To Net: NetName=GND Pin=S2-2
Added Pin To Net: NetName=GND Pin=S3-1
Added Pin To Net: NetName=GND Pin=S3-1
Added Pin To Net: NetName=RST Pin=S3-2
Added Pin To Net: NetName=RST Pin=S3-2
Added Pin To Net: NetName=5V Pin=U1-1
Added Pin To Net: NetName=3.3V Pin=U1-2
Added Pin To Net: NetName=GND Pin=U1-3
Added Pin To Net: NetName=GND Pin=U2-1
Added Pin To Net: NetName=3.3V Pin=U2-2
Added Pin To Net: NetName=SW_BTN Pin=U2-3
Added Pin To Net: NetName=LDO33_O Pin=U2-4
Added Pin To Net: NetName=LDO33_O Pin=U2-5
Added Pin To Net: NetName=NetS1_2 Pin=U2-18
Added Pin To Net: NetName=NetR1_2 Pin=U2-20
Added Pin To Net: NetName=RX Pin=U2-21
Added Pin To Net: NetName=LED1 Pin=U2-28
Added Pin To Net: NetName=GND Pin=U2-29
Added Pin To Net: NetName=NetB1_1 Pin=U2-30
Added Pin To Net: NetName=5V Pin=U3-1
Added Pin To Net: NetName=3.3V Pin=U3-2
Added Pin To Net: NetName=GND Pin=U3-3
Added Pin To Net: NetName=RX Pin=U4-2
Added Pin To Net: NetName=NetR6_1 Pin=U4-4
Added Pin To Net: NetName=3.3V Pin=U4-9
Added Pin To Net: NetName=RST Pin=U4-11
Added Pin To Net: NetName=GND Pin=U4-12
Added Pin To Net: NetName=NetR5_1 Pin=U4-15
Added Pin To Net: NetName=NetR4_1 Pin=U4-16
Added Member To Class: ClassName=BM78SPP05NC2 Member=Component B1 1nh
Added Member To Class: ClassName=BM78SPP05NC2 Member=Component C1 0.1uF
Added Member To Class: ClassName=BM78SPP05NC2 Member=Component C2 0.1uF
Added Member To Class: ClassName=BM78SPP05NC2 Member=Component C3 0.1uF
Added Member To Class: ClassName=BM78SPP05NC2 Member=Component C4 0.1uF
Added Member To Class: ClassName=BM78SPP05NC2 Member=Component C5 10uF/16V
Added Member To Class: ClassName=BM78SPP05NC2 Member=Component C6 0.1uF
Added Member To Class: ClassName=HM-13 Member=Component C7 0.1uF
Added Member To Class: ClassName=HM-13 Member=Component C8 0.1uF
Added Member To Class: ClassName=HM-13 Member=Component C9 0.1uF
Added Member To Class: ClassName=HM-13 Member=Component C10 10uF/16V
Added Member To Class: ClassName=BM78SPP05NC2 Member=Component D1 Diod
Added Member To Class: ClassName=HM-13 Member=Component D2 Diod
Added Member To Class: ClassName=BM78SPP05NC2 Member=Component L1 LED
Added Member To Class: ClassName=HM-13 Member=Component L2 LED
Added Member To Class: ClassName=BM78SPP05NC2 Member=Component P1 HC-SR501
Added Member To Class: ClassName=BM78SPP05NC2 Member=Component P2 Header 4
Added Member To Class: ClassName=HM-13 Member=Component P3 Header 4
Added Member To Class: ClassName=BM78SPP05NC2 Member=Component R1 2.2K
Added Member To Class: ClassName=BM78SPP05NC2 Member=Component R2 2.2K
Added Member To Class: ClassName=BM78SPP05NC2 Member=Component R3 2.2K
Added Member To Class: ClassName=HM-13 Member=Component R4 2.2K
Added Member To Class: ClassName=HM-13 Member=Component R5 2.2K
Added Member To Class: ClassName=HM-13 Member=Component R6 2.2K
Added Member To Class: ClassName=HM-13 Member=Component R7 2.2K
Added Member To Class: ClassName=BM78SPP05NC2 Member=Component S1 Button
Added Member To Class: ClassName=HM-13 Member=Component S2 Button
Added Member To Class: ClassName=HM-13 Member=Component S3 Button
Added Member To Class: ClassName=BM78SPP05NC2 Member=Component U1 AP7313
Added Member To Class: ClassName=BM78SPP05NC2 Member=Component U2 BM78SPP05NC2
Added Member To Class: ClassName=HM-13 Member=Component U3 AP7313
Added Member To Class: ClassName=HM-13 Member=Component U4 HM-13
Added Room: Name=BM78SPP05NC2
Added Room: Name=HM-13
