Added Component: Designator=C1(0603)
Added Component: Designator=C2(0603)
Added Component: Designator=C3(0603)
Added Component: Designator=C4(0603)
Added Component: Designator=C5(0603)
Added Component: Designator=C6(0603)
Added Component: Designator=C7(0603)
Added Component: Designator=C8(0603)
Added Component: Designator=C9(0603)
Added Component: Designator=C10(0603)
Added Component: Designator=C11(0603)
Added Component: Designator=C12(0603)
Added Component: Designator=C13(0603)
Added Component: Designator=C14(0603)
Added Component: Designator=C15(0603)
Added Component: Designator=C16(0603)
Added Component: Designator=C17(CAPM-7.0*4.5)
Added Component: Designator=C18(0603)
Added Component: Designator=C19(CAPAE-8.5*8.5)
Added Component: Designator=C20(CAPM-5.5*3.3)
Added Component: Designator=C21(0603)
Added Component: Designator=C22(CAPM-5.5*3.3)
Added Component: Designator=C23(0603)
Added Component: Designator=C24(0603)
Added Component: Designator=D1(DO214-AC)
Added Component: Designator=D2(DO214-AC)
Added Component: Designator=D3(DO214-AC)
Added Component: Designator=L1(0805)
Added Component: Designator=L2(0805)
Added Component: Designator=L3(0805)
Added Component: Designator=L4(7*7*4-15uH)
Added Component: Designator=P1(JATG_10pin)
Added Component: Designator=P2(HDR1X3)
Added Component: Designator=P3(HDR1X3)
Added Component: Designator=P4(HDR1X4)
Added Component: Designator=R1(0603)
Added Component: Designator=R2(0603)
Added Component: Designator=R3(0603)
Added Component: Designator=R4(0603)
Added Component: Designator=R5(0603)
Added Component: Designator=R6(0603)
Added Component: Designator=R7(0603)
Added Component: Designator=R8(0603)
Added Component: Designator=R9(0603)
Added Component: Designator=R10(0603)
Added Component: Designator=R11(0603)
Added Component: Designator=R12(0603)
Added Component: Designator=R13(0603)
Added Component: Designator=R14(0603)
Added Component: Designator=U1(OBD-MaleConnector)
Added Component: Designator=U2(TJF1051)
Added Component: Designator=U3(LPC1549JBD48)
Added Component: Designator=U4(SOP-8)
Added Component: Designator=U5(Micro-USB)
Added Component: Designator=U6(SOP-8)
Added Component: Designator=U7(TPS5430)
Added Component: Designator=U8(LM317L)
Added Component: Designator=U9(Micro-USB)
Added Component: Designator=X1(12Mhz-DFN)
Added Pin To Net: NetName=GND Pin=C1-1
Added Pin To Net: NetName=3.3V Pin=C1-2
Added Pin To Net: NetName=GND Pin=C2-1
Added Pin To Net: NetName=3.3V Pin=C2-2
Added Pin To Net: NetName=NetC3_1 Pin=C3-1
Added Pin To Net: NetName=GND Pin=C3-2
Added Pin To Net: NetName=NetC4_1 Pin=C4-1
Added Pin To Net: NetName=GND Pin=C4-2
Added Pin To Net: NetName=GND Pin=C5-1
Added Pin To Net: NetName=3.3V Pin=C5-2
Added Pin To Net: NetName=GND Pin=C6-1
Added Pin To Net: NetName=3.3V Pin=C6-2
Added Pin To Net: NetName=5V Pin=C7-1
Added Pin To Net: NetName=GND Pin=C7-2
Added Pin To Net: NetName=5V Pin=C8-1
Added Pin To Net: NetName=GND Pin=C8-2
Added Pin To Net: NetName=3.3V Pin=C9-1
Added Pin To Net: NetName=GND Pin=C9-2
Added Pin To Net: NetName=3.3V Pin=C10-1
Added Pin To Net: NetName=GND Pin=C10-2
Added Pin To Net: NetName=GND Pin=C11-1
Added Pin To Net: NetName=NetC11_2 Pin=C11-2
Added Pin To Net: NetName=GND Pin=C12-1
Added Pin To Net: NetName=NetC12_2 Pin=C12-2
Added Pin To Net: NetName=12V Pin=C13-1
Added Pin To Net: NetName=GND Pin=C13-2
Added Pin To Net: NetName=GND Pin=C14-1
Added Pin To Net: NetName=5V Pin=C14-2
Added Pin To Net: NetName=GND Pin=C15-1
Added Pin To Net: NetName=3.3V Pin=C15-2
Added Pin To Net: NetName=GND Pin=C16-1
Added Pin To Net: NetName=3.3V Pin=C16-2
Added Pin To Net: NetName=5V Pin=C17-1
Added Pin To Net: NetName=GND Pin=C17-2
Added Pin To Net: NetName=BOOT Pin=C18-1
Added Pin To Net: NetName=NetC18_2 Pin=C18-2
Added Pin To Net: NetName=12V Pin=C19-1
Added Pin To Net: NetName=3.3V Pin=C20-1
Added Pin To Net: NetName=GND Pin=C20-2
Added Pin To Net: NetName=GND Pin=C21-1
Added Pin To Net: NetName=5V Pin=C21-2
Added Pin To Net: NetName=ADJ Pin=C22-1
Added Pin To Net: NetName=GND Pin=C22-2
Added Pin To Net: NetName=GND Pin=C23-1
Added Pin To Net: NetName=5V Pin=C23-2
Added Pin To Net: NetName=GND Pin=C24-1
Added Pin To Net: NetName=3.3V Pin=C24-2
Added Pin To Net: NetName=GND Pin=D1-1
Added Pin To Net: NetName=NetC18_2 Pin=D1-2
Added Pin To Net: NetName=3.3V Pin=D2-1
Added Pin To Net: NetName=5V Pin=D2-2
Added Pin To Net: NetName=ADJ Pin=D3-1
Added Pin To Net: NetName=3.3V Pin=D3-2
Added Pin To Net: NetName=NetL1_1 Pin=L1-1
Added Pin To Net: NetName=GND Pin=L1-2
Added Pin To Net: NetName=NetL2_1 Pin=L2-1
Added Pin To Net: NetName=PIN_19 Pin=L2-2
Added Pin To Net: NetName=NetL3_1 Pin=L3-1
Added Pin To Net: NetName=PIN_18 Pin=L3-2
Added Pin To Net: NetName=NetC18_2 Pin=L4-1
Added Pin To Net: NetName=5V Pin=L4-2
Added Pin To Net: NetName=3.3V Pin=P1-1
Added Pin To Net: NetName=SWDIO Pin=P1-2
Added Pin To Net: NetName=GND Pin=P1-3
Added Pin To Net: NetName=SWDCLK Pin=P1-4
Added Pin To Net: NetName=GND Pin=P1-5
Added Pin To Net: NetName=GND Pin=P1-9
Added Pin To Net: NetName=R\S\T\ Pin=P1-10
Added Pin To Net: NetName=3.3V Pin=P2-1
Added Pin To Net: NetName=ISP0 Pin=P2-2
Added Pin To Net: NetName=GND Pin=P2-3
Added Pin To Net: NetName=3.3V Pin=P3-1
Added Pin To Net: NetName=ISP1 Pin=P3-2
Added Pin To Net: NetName=GND Pin=P3-3
Added Pin To Net: NetName=GND Pin=P4-1
Added Pin To Net: NetName=TX Pin=P4-2
Added Pin To Net: NetName=RX Pin=P4-3
Added Pin To Net: NetName=3.3V Pin=R1-1
Added Pin To Net: NetName=SWDIO Pin=R1-2
Added Pin To Net: NetName=K-LINE Pin=R2-1
Added Pin To Net: NetName=12V Pin=R2-2
Added Pin To Net: NetName=5V Pin=R3-1
Added Pin To Net: NetName=NetL1_1 Pin=R3-2
Added Pin To Net: NetName=5V Pin=R4-1
Added Pin To Net: NetName=NetL2_1 Pin=R4-2
Added Pin To Net: NetName=GND Pin=R5-1
Added Pin To Net: NetName=SWDCLK Pin=R5-2
Added Pin To Net: NetName=5V Pin=R6-1
Added Pin To Net: NetName=NetL3_1 Pin=R6-2
Added Pin To Net: NetName=NetC12_2 Pin=R7-1
Added Pin To Net: NetName=CAN_H Pin=R7-2
Added Pin To Net: NetName=NetC11_2 Pin=R8-1
Added Pin To Net: NetName=CAN_L Pin=R8-2
Added Pin To Net: NetName=NetR9_1 Pin=R9-1
Added Pin To Net: NetName=5V Pin=R9-2
Added Pin To Net: NetName=VFB Pin=R10-1
Added Pin To Net: NetName=5V Pin=R10-2
Added Pin To Net: NetName=GND Pin=R11-1
Added Pin To Net: NetName=VFB Pin=R11-2
Added Pin To Net: NetName=ADJ Pin=R12-1
Added Pin To Net: NetName=3.3V Pin=R12-2
Added Pin To Net: NetName=GND Pin=R13-1
Added Pin To Net: NetName=ADJ Pin=R13-2
Added Pin To Net: NetName=NetR14_1 Pin=R14-1
Added Pin To Net: NetName=3.3V Pin=R14-2
Added Pin To Net: NetName=GND Pin=U1-4
Added Pin To Net: NetName=GND Pin=U1-5
Added Pin To Net: NetName=CAN_H Pin=U1-6
Added Pin To Net: NetName=K-LINE Pin=U1-7
Added Pin To Net: NetName=CAN_L Pin=U1-14
Added Pin To Net: NetName=12V Pin=U1-16
Added Pin To Net: NetName=NetU2_1 Pin=U2-1
Added Pin To Net: NetName=GND Pin=U2-2
Added Pin To Net: NetName=5V Pin=U2-3
Added Pin To Net: NetName=NetU2_4 Pin=U2-4
Added Pin To Net: NetName=3.3V Pin=U2-5
Added Pin To Net: NetName=CAN_L Pin=U2-6
Added Pin To Net: NetName=CAN_H Pin=U2-7
Added Pin To Net: NetName=GND Pin=U2-8
Added Pin To Net: NetName=UART_TX Pin=U3-1
Added Pin To Net: NetName=UART_RX Pin=U3-2
Added Pin To Net: NetName=ISP0 Pin=U3-5
Added Pin To Net: NetName=NetU3_8 Pin=U3-8
Added Pin To Net: NetName=NetR9_1 Pin=U3-9
Added Pin To Net: NetName=3.3V Pin=U3-10
Added Pin To Net: NetName=GND Pin=U3-11
Added Pin To Net: NetName=NetU2_4 Pin=U3-12
Added Pin To Net: NetName=NetU2_1 Pin=U3-13
Added Pin To Net: NetName=3.3V Pin=U3-14
Added Pin To Net: NetName=3.3V Pin=U3-16
Added Pin To Net: NetName=GND Pin=U3-17
Added Pin To Net: NetName=PIN_18 Pin=U3-18
Added Pin To Net: NetName=PIN_19 Pin=U3-19
Added Pin To Net: NetName=GND Pin=U3-20
Added Pin To Net: NetName=RX Pin=U3-22
Added Pin To Net: NetName=TX Pin=U3-23
Added Pin To Net: NetName=ISP1 Pin=U3-24
Added Pin To Net: NetName=NetC3_1 Pin=U3-25
Added Pin To Net: NetName=NetC4_1 Pin=U3-26
Added Pin To Net: NetName=3.3V Pin=U3-27
Added Pin To Net: NetName=SWDCLK Pin=U3-29
Added Pin To Net: NetName=3.3V Pin=U3-30
Added Pin To Net: NetName=SWDIO Pin=U3-33
Added Pin To Net: NetName=R\S\T\ Pin=U3-34
Added Pin To Net: NetName=D+ Pin=U3-35
Added Pin To Net: NetName=D- Pin=U3-36
Added Pin To Net: NetName=3.3V Pin=U3-39
Added Pin To Net: NetName=GND Pin=U3-40
Added Pin To Net: NetName=GND Pin=U3-41
Added Pin To Net: NetName=3.3V Pin=U3-42
Added Pin To Net: NetName=12V Pin=U4-1
Added Pin To Net: NetName=GND Pin=U4-3
Added Pin To Net: NetName=K-LINE Pin=U4-4
Added Pin To Net: NetName=NetR9_1 Pin=U4-5
Added Pin To Net: NetName=NetU3_8 Pin=U4-6
Added Pin To Net: NetName=5V Pin=U4-7
Added Pin To Net: NetName=5V Pin=U4-8
Added Pin To Net: NetName=GND Pin=U5-1
Added Pin To Net: NetName=GND Pin=U5-1
Added Pin To Net: NetName=GND Pin=U5-1
Added Pin To Net: NetName=GND Pin=U5-1
Added Pin To Net: NetName=GND Pin=U5-1
Added Pin To Net: NetName=GND Pin=U5-1
Added Pin To Net: NetName=GND Pin=U5-1
Added Pin To Net: NetName=GND Pin=U5-1
Added Pin To Net: NetName=GND Pin=U5-1
Added Pin To Net: NetName=NetR14_1 Pin=U5-3
Added Pin To Net: NetName=NetU5_4 Pin=U5-4
Added Pin To Net: NetName=5V Pin=U5-5
Added Pin To Net: NetName=GND Pin=U6-1
Added Pin To Net: NetName=UART_TX Pin=U6-2
Added Pin To Net: NetName=3.3V Pin=U6-3
Added Pin To Net: NetName=UART_RX Pin=U6-4
Added Pin To Net: NetName=NetR14_1 Pin=U6-5
Added Pin To Net: NetName=NetU5_4 Pin=U6-6
Added Pin To Net: NetName=5V Pin=U6-7
Added Pin To Net: NetName=3.3V Pin=U6-8
Added Pin To Net: NetName=BOOT Pin=U7-1
Added Pin To Net: NetName=VFB Pin=U7-4
Added Pin To Net: NetName=GND Pin=U7-6
Added Pin To Net: NetName=12V Pin=U7-7
Added Pin To Net: NetName=NetC18_2 Pin=U7-8
Added Pin To Net: NetName=5V Pin=U8-1
Added Pin To Net: NetName=3.3V Pin=U8-2
Added Pin To Net: NetName=3.3V Pin=U8-3
Added Pin To Net: NetName=ADJ Pin=U8-4
Added Pin To Net: NetName=3.3V Pin=U8-6
Added Pin To Net: NetName=3.3V Pin=U8-7
Added Pin To Net: NetName=GND Pin=U9-1
Added Pin To Net: NetName=GND Pin=U9-1
Added Pin To Net: NetName=GND Pin=U9-1
Added Pin To Net: NetName=GND Pin=U9-1
Added Pin To Net: NetName=GND Pin=U9-1
Added Pin To Net: NetName=GND Pin=U9-1
Added Pin To Net: NetName=GND Pin=U9-1
Added Pin To Net: NetName=GND Pin=U9-1
Added Pin To Net: NetName=GND Pin=U9-1
Added Pin To Net: NetName=D+ Pin=U9-3
Added Pin To Net: NetName=D- Pin=U9-4
Added Pin To Net: NetName=5V Pin=U9-5
Added Pin To Net: NetName=NetC4_1 Pin=X1-1
Added Pin To Net: NetName=NetC3_1 Pin=X1-2
Added Member To Class: ClassName=Core Member=Component C1 10uF
Added Member To Class: ClassName=Core Member=Component C2 0.1uF
Added Member To Class: ClassName=Core Member=Component C3 22pF
Added Member To Class: ClassName=Core Member=Component C4 22pF
Added Member To Class: ClassName=Core Member=Component C5 4.7uF
Added Member To Class: ClassName=Core Member=Component C6 0.1uF
Added Member To Class: ClassName=Core Member=Component C7 0.1uF
Added Member To Class: ClassName=Core Member=Component C8 10uF
Added Member To Class: ClassName=Core Member=Component C9 10uF
Added Member To Class: ClassName=Core Member=Component C10 0.1uF
Added Member To Class: ClassName=Core Member=Component C11 560pF
Added Member To Class: ClassName=Core Member=Component C12 560pF
Added Member To Class: ClassName=Core Member=Component C13 0.1uF
Added Member To Class: ClassName=Core Member=Component C14 0.1uF
Added Member To Class: ClassName=Core Member=Component C15 0.1uF
Added Member To Class: ClassName=Core Member=Component C16 4.7uF
Added Member To Class: ClassName=Power Member=Component C17 220uF
Added Member To Class: ClassName=Power Member=Component C18 0.01uF
Added Member To Class: ClassName=Power Member=Component C19 10uF/16V
Added Member To Class: ClassName=Power Member=Component C20 10uF/16V
Added Member To Class: ClassName=Power Member=Component C21 0.1uF
Added Member To Class: ClassName=Power Member=Component C22 10uF/16V
Added Member To Class: ClassName=PL2303A Member=Component C23 10uF
Added Member To Class: ClassName=PL2303A Member=Component C24 0.1uF
Added Member To Class: ClassName=Power Member=Component D1 B340A
Added Member To Class: ClassName=Power Member=Component D2 1N4007
Added Member To Class: ClassName=Power Member=Component D3 1N4007
Added Member To Class: ClassName=Core Member=Component L1 LED
Added Member To Class: ClassName=Core Member=Component L2 LED
Added Member To Class: ClassName=Core Member=Component L3 LED
Added Member To Class: ClassName=Power Member=Component L4 4.7uH
Added Member To Class: ClassName=Core Member=Component P1 Debug
Added Member To Class: ClassName=Core Member=Component P2 
Added Member To Class: ClassName=Core Member=Component P3 
Added Member To Class: ClassName=Core Member=Component P4 downloader
Added Member To Class: ClassName=Core Member=Component R1 10K
Added Member To Class: ClassName=Core Member=Component R2 510R
Added Member To Class: ClassName=Core Member=Component R3 330R
Added Member To Class: ClassName=Core Member=Component R4 330R
Added Member To Class: ClassName=Core Member=Component R5 10K
Added Member To Class: ClassName=Core Member=Component R6 330R
Added Member To Class: ClassName=Core Member=Component R7 100R
Added Member To Class: ClassName=Core Member=Component R8 100R
Added Member To Class: ClassName=Core Member=Component R9 3.3K
Added Member To Class: ClassName=Power Member=Component R10 10K
Added Member To Class: ClassName=Power Member=Component R11 3.24K
Added Member To Class: ClassName=Power Member=Component R12 470R
Added Member To Class: ClassName=Power Member=Component R13 820R
Added Member To Class: ClassName=PL2303A Member=Component R14 1.5K
Added Member To Class: ClassName=Core Member=Component U1 OBD-Connector
Added Member To Class: ClassName=Core Member=Component U2 TJF1051T / 3
Added Member To Class: ClassName=Core Member=Component U3 LPC1549
Added Member To Class: ClassName=Core Member=Component U4 MC33660EFR2
Added Member To Class: ClassName=PL2303A Member=Component U5 MicroUSB
Added Member To Class: ClassName=PL2303A Member=Component U6 PL2303SA
Added Member To Class: ClassName=Power Member=Component U7 TPS5430
Added Member To Class: ClassName=Power Member=Component U8 LM317L
Added Member To Class: ClassName=USB Member=Component U9 MicroUSB
Added Member To Class: ClassName=Core Member=Component X1 12MHZ
Added Room: Name=Core
Added Room: Name=PL2303A
Added Room: Name=Power
Added Room: Name=USB
