Change Physical Footprint: Designator=C1 Old Footprint=0603 New Footprint=0603
Change Physical Footprint: Designator=C2 Old Footprint=0603 New Footprint=0603
Change Physical Footprint: Designator=C3 Old Footprint=0603 New Footprint=0603
Change Physical Footprint: Designator=C4 Old Footprint=0603 New Footprint=0603
Change Physical Footprint: Designator=C5 Old Footprint=0603 New Footprint=0603
Change Physical Footprint: Designator=C6 Old Footprint=0603 New Footprint=0603
Change Physical Footprint: Designator=C7 Old Footprint=0603 New Footprint=0603
Change Physical Footprint: Designator=C8 Old Footprint=0603 New Footprint=0603
Change Physical Footprint: Designator=C9 Old Footprint=0603 New Footprint=0603
Change Physical Footprint: Designator=C10 Old Footprint=0603 New Footprint=0603
Change Physical Footprint: Designator=C11 Old Footprint=0603 New Footprint=0603
Change Physical Footprint: Designator=C12 Old Footprint=0603 New Footprint=0603
Change Physical Footprint: Designator=C13 Old Footprint=0603 New Footprint=0603
Change Physical Footprint: Designator=C14 Old Footprint=0603 New Footprint=0603
Change Physical Footprint: Designator=C15 Old Footprint=0603 New Footprint=0603
Change Physical Footprint: Designator=C16 Old Footprint=0603 New Footprint=0603
Change Physical Footprint: Designator=C17 Old Footprint=CAPM-7.0*4.5 New Footprint=CAPM-7.0*4.5
Change Physical Footprint: Designator=C18 Old Footprint=0603 New Footprint=0603
Change Physical Footprint: Designator=C19 Old Footprint=CAPAE-8.5*8.5 New Footprint=CAPAE-8.5*8.5
Change Physical Footprint: Designator=C20 Old Footprint=CAPM-5.5*3.3 New Footprint=CAPM-5.5*3.3
Change Physical Footprint: Designator=C21 Old Footprint=0603 New Footprint=0603
Change Physical Footprint: Designator=C22 Old Footprint=CAPM-5.5*3.3 New Footprint=CAPM-5.5*3.3
Change Physical Footprint: Designator=C23 Old Footprint=0603 New Footprint=0603
Change Physical Footprint: Designator=C24 Old Footprint=0603 New Footprint=0603
Change Physical Footprint: Designator=D1 Old Footprint=DO214-AC New Footprint=DO214-AC
Change Physical Footprint: Designator=D2 Old Footprint=DO214-AC New Footprint=DO214-AC
Change Physical Footprint: Designator=D3 Old Footprint=DO214-AC New Footprint=DO214-AC
Change Physical Footprint: Designator=L1 Old Footprint=0805 New Footprint=0805
Change Physical Footprint: Designator=L2 Old Footprint=0805 New Footprint=0805
Change Physical Footprint: Designator=L3 Old Footprint=0805 New Footprint=0805
Change Physical Footprint: Designator=L4 Old Footprint=7*7*4-15uH New Footprint=7*7*4-15uH
Change Physical Footprint: Designator=P1 Old Footprint=JATG_10pin New Footprint=JATG_10pin
Change Physical Footprint: Designator=P2 Old Footprint=HDR1X3 New Footprint=HDR1X3
Change Physical Footprint: Designator=P3 Old Footprint=HDR1X3 New Footprint=HDR1X3
Change Physical Footprint: Designator=P4 Old Footprint=HDR1X4 New Footprint=HDR1X4
Change Physical Footprint: Designator=R1 Old Footprint=0603 New Footprint=0603
Change Physical Footprint: Designator=R2 Old Footprint=0603 New Footprint=0603
Change Physical Footprint: Designator=R3 Old Footprint=0603 New Footprint=0603
Change Physical Footprint: Designator=R4 Old Footprint=0603 New Footprint=0603
Change Physical Footprint: Designator=R5 Old Footprint=0603 New Footprint=0603
Change Physical Footprint: Designator=R6 Old Footprint=0603 New Footprint=0603
Change Physical Footprint: Designator=R7 Old Footprint=0603 New Footprint=0603
Change Physical Footprint: Designator=R8 Old Footprint=0603 New Footprint=0603
Change Physical Footprint: Designator=R9 Old Footprint=0603 New Footprint=0603
Change Physical Footprint: Designator=R10 Old Footprint=0603 New Footprint=0603
Change Physical Footprint: Designator=R11 Old Footprint=0603 New Footprint=0603
Change Physical Footprint: Designator=R12 Old Footprint=0603 New Footprint=0603
Change Physical Footprint: Designator=R13 Old Footprint=0603 New Footprint=0603
Change Physical Footprint: Designator=R14 Old Footprint=0603 New Footprint=0603
Change Physical Footprint: Designator=U1 Old Footprint=OBD-Female New Footprint=OBD-Female
Change Physical Footprint: Designator=U2 Old Footprint=TJF1051 New Footprint=TJF1051
Change Physical Footprint: Designator=U3 Old Footprint=LPC1549JBD48 New Footprint=LPC1549JBD48
Change Physical Footprint: Designator=U4 Old Footprint=SOP-8 New Footprint=SOP-8
Change Physical Footprint: Designator=U5 Old Footprint=Micro-USB New Footprint=Micro-USB
Change Physical Footprint: Designator=U6 Old Footprint=SOP-8 New Footprint=SOP-8
Change Physical Footprint: Designator=U7 Old Footprint=TPS5430 New Footprint=TPS5430
Change Physical Footprint: Designator=U8 Old Footprint=LM317L New Footprint=LM317L
Change Physical Footprint: Designator=U9 Old Footprint=Micro-USB New Footprint=Micro-USB
Change Physical Footprint: Designator=U10 Old Footprint=DC-12V-Con New Footprint=DC-12V-Con
Change Physical Footprint: Designator=X1 Old Footprint=12Mhz-DFN New Footprint=12Mhz-DFN
