Replace Part C? Cap1 in C:\Users\Topon\Desktop\OBD-II\pcb\Projects\OBD-II-Based-BMSPP7805NC2\Core.SchDoc with Cap1 from ToponLib.IntLib
Replace Part C? Cap1 in C:\Users\Topon\Desktop\OBD-II\pcb\Projects\OBD-II-Based-BMSPP7805NC2\Core.SchDoc with Cap1 from ToponLib.IntLib
Replace Part C? Cap1 in C:\Users\Topon\Desktop\OBD-II\pcb\Projects\OBD-II-Based-BMSPP7805NC2\Core.SchDoc with Cap1 from ToponLib.IntLib
Replace Part C? Cap1 in C:\Users\Topon\Desktop\OBD-II\pcb\Projects\OBD-II-Based-BMSPP7805NC2\Core.SchDoc with Cap1 from ToponLib.IntLib
Replace Part C? Cap1 in C:\Users\Topon\Desktop\OBD-II\pcb\Projects\OBD-II-Based-BMSPP7805NC2\Core.SchDoc with Cap1 from ToponLib.IntLib
Replace Part C? Cap1 in C:\Users\Topon\Desktop\OBD-II\pcb\Projects\OBD-II-Based-BMSPP7805NC2\Core.SchDoc with Cap1 from ToponLib.IntLib
Replace Part C? Cap1 in C:\Users\Topon\Desktop\OBD-II\pcb\Projects\OBD-II-Based-BMSPP7805NC2\Core.SchDoc with Cap1 from ToponLib.IntLib
Replace Part C? Cap1 in C:\Users\Topon\Desktop\OBD-II\pcb\Projects\OBD-II-Based-BMSPP7805NC2\Core.SchDoc with Cap1 from ToponLib.IntLib
Replace Part C? Cap1 in C:\Users\Topon\Desktop\OBD-II\pcb\Projects\OBD-II-Based-BMSPP7805NC2\Core.SchDoc with Cap1 from ToponLib.IntLib
Replace Part C? Cap1 in C:\Users\Topon\Desktop\OBD-II\pcb\Projects\OBD-II-Based-BMSPP7805NC2\Core.SchDoc with Cap1 from ToponLib.IntLib
Replace Part C? Cap1 in C:\Users\Topon\Desktop\OBD-II\pcb\Projects\OBD-II-Based-BMSPP7805NC2\Core.SchDoc with Cap1 from ToponLib.IntLib
Replace Part C? Cap1 in C:\Users\Topon\Desktop\OBD-II\pcb\Projects\OBD-II-Based-BMSPP7805NC2\Core.SchDoc with Cap1 from ToponLib.IntLib
Replace Part C? Cap1 in C:\Users\Topon\Desktop\OBD-II\pcb\Projects\OBD-II-Based-BMSPP7805NC2\Core.SchDoc with Cap1 from ToponLib.IntLib
Replace Part C? Cap1 in C:\Users\Topon\Desktop\OBD-II\pcb\Projects\OBD-II-Based-BMSPP7805NC2\Core.SchDoc with Cap1 from ToponLib.IntLib
Replace Part L? LED in C:\Users\Topon\Desktop\OBD-II\pcb\Projects\OBD-II-Based-BMSPP7805NC2\Core.SchDoc with LED from ToponLib.IntLib
Replace Part L? LED in C:\Users\Topon\Desktop\OBD-II\pcb\Projects\OBD-II-Based-BMSPP7805NC2\Core.SchDoc with LED from ToponLib.IntLib
Replace Part L? LED in C:\Users\Topon\Desktop\OBD-II\pcb\Projects\OBD-II-Based-BMSPP7805NC2\Core.SchDoc with LED from ToponLib.IntLib
Replace Part P? JTAG_10Pin in C:\Users\Topon\Desktop\OBD-II\pcb\Projects\OBD-II-Based-BMSPP7805NC2\Core.SchDoc with JTAG_10Pin from ToponLib.IntLib
Replace Part P? Header 4 in C:\Users\Topon\Desktop\OBD-II\pcb\Projects\OBD-II-Based-BMSPP7805NC2\Core.SchDoc with Header 4 from Miscellaneous Connectors.IntLib
Replace Part P? Header 3 in C:\Users\Topon\Desktop\OBD-II\pcb\Projects\OBD-II-Based-BMSPP7805NC2\Core.SchDoc with Header 3 from Miscellaneous Connectors.IntLib
Replace Part P? Header 3 in C:\Users\Topon\Desktop\OBD-II\pcb\Projects\OBD-II-Based-BMSPP7805NC2\Core.SchDoc with Header 3 from Miscellaneous Connectors.IntLib
Replace Part R? Res in C:\Users\Topon\Desktop\OBD-II\pcb\Projects\OBD-II-Based-BMSPP7805NC2\Core.SchDoc with Res from ToponLib.IntLib
Replace Part R? Res in C:\Users\Topon\Desktop\OBD-II\pcb\Projects\OBD-II-Based-BMSPP7805NC2\Core.SchDoc with Res from ToponLib.IntLib
Replace Part R? Res in C:\Users\Topon\Desktop\OBD-II\pcb\Projects\OBD-II-Based-BMSPP7805NC2\Core.SchDoc with Res from ToponLib.IntLib
Replace Part R? Res in C:\Users\Topon\Desktop\OBD-II\pcb\Projects\OBD-II-Based-BMSPP7805NC2\Core.SchDoc with Res from ToponLib.IntLib
Replace Part R? Res in C:\Users\Topon\Desktop\OBD-II\pcb\Projects\OBD-II-Based-BMSPP7805NC2\Core.SchDoc with Res from ToponLib.IntLib
Replace Part R? Res in C:\Users\Topon\Desktop\OBD-II\pcb\Projects\OBD-II-Based-BMSPP7805NC2\Core.SchDoc with Res from ToponLib.IntLib
Replace Part R? Res in C:\Users\Topon\Desktop\OBD-II\pcb\Projects\OBD-II-Based-BMSPP7805NC2\Core.SchDoc with Res from ToponLib.IntLib
Replace Part U? OBD-MaleHead in C:\Users\Topon\Desktop\OBD-II\pcb\Projects\OBD-II-Based-BMSPP7805NC2\Core.SchDoc with OBD-MaleHead from ToponLib.IntLib
Replace Part U? TJF1051T / 3 in C:\Users\Topon\Desktop\OBD-II\pcb\Projects\OBD-II-Based-BMSPP7805NC2\Core.SchDoc with TJF1051T / 3 from ToponLib.IntLib
Replace Part U? MC33660EFR2 in C:\Users\Topon\Desktop\OBD-II\pcb\Projects\OBD-II-Based-BMSPP7805NC2\Core.SchDoc with MC33660EFR2 from ToponLib.IntLib
Replace Part U? LPC1549JBD48 in C:\Users\Topon\Desktop\OBD-II\pcb\Projects\OBD-II-Based-BMSPP7805NC2\Core.SchDoc with LPC1549JBD48 from ToponLib.IntLib
Replace Part X? OSC in C:\Users\Topon\Desktop\OBD-II\pcb\Projects\OBD-II-Based-BMSPP7805NC2\Core.SchDoc with OSC from ToponLib.IntLib
