Added Component: Designator=B1(0603)
Added Component: Designator=C1(0603)
Added Component: Designator=C2(0603)
Added Component: Designator=C3(0603)
Added Component: Designator=C4(0603)
Added Component: Designator=C5(0603)
Added Component: Designator=C6(0603)
Added Component: Designator=C7(0603)
Added Component: Designator=C8(0603)
Added Component: Designator=C9(0603)
Added Component: Designator=C10(0603)
Added Component: Designator=C11(0603)
Added Component: Designator=C12(0603)
Added Component: Designator=C13(0603)
Added Component: Designator=C14(0603)
Added Component: Designator=C15(0603)
Added Component: Designator=C16(0603)
Added Component: Designator=C17(0603)
Added Component: Designator=C18(0603)
Added Component: Designator=C19(CAPAE-8.5*8.5)
Added Component: Designator=C20(0603)
Added Component: Designator=C21(0603)
Added Component: Designator=C22(1206)
Added Component: Designator=C23(0603)
Added Component: Designator=C24(1206)
Added Component: Designator=C25(0603)
Added Component: Designator=C26(0603)
Added Component: Designator=D1(DO214-AC)
Added Component: Designator=D2(DO214-AC)
Added Component: Designator=D3(DO214-AC)
Added Component: Designator=E1(BM78SPP05NC2_ANT)
Added Component: Designator=L1(0805)
Added Component: Designator=L2(0805)
Added Component: Designator=L3(0805)
Added Component: Designator=L4(0805)
Added Component: Designator=L5(0805)
Added Component: Designator=P1(JATG_10pin)
Added Component: Designator=P2(HDR1X3)
Added Component: Designator=P3(HDR1X3)
Added Component: Designator=P4(HDR1X4)
Added Component: Designator=R1(0603)
Added Component: Designator=R2(0603)
Added Component: Designator=R3(0603)
Added Component: Designator=R4(0603)
Added Component: Designator=R5(0603)
Added Component: Designator=R6(0603)
Added Component: Designator=R7(0603)
Added Component: Designator=R8(0603)
Added Component: Designator=R9(0603)
Added Component: Designator=R10(0603)
Added Component: Designator=R11(0603)
Added Component: Designator=R12(0603)
Added Component: Designator=R13(0603)
Added Component: Designator=U1(Micro-USB)
Added Component: Designator=U2(BM78SPP05NC2)
Added Component: Designator=U3(OBD-MaleConnector)
Added Component: Designator=U4(TJF1051)
Added Component: Designator=U5(LPC1549JBD48)
Added Component: Designator=U6(SOP-8)
Added Component: Designator=U7(TPS5430)
Added Component: Designator=U8(LM317L)
Added Component: Designator=X1(12Mhz-DIP)
Added Pin To Net: NetName=NetB1_1 Pin=B1-1
Added Pin To Net: NetName=NetB1_2 Pin=B1-2
Added Pin To Net: NetName=GND Pin=C1-1
Added Pin To Net: NetName=NetB1_1 Pin=C1-2
Added Pin To Net: NetName=GND Pin=C2-1
Added Pin To Net: NetName=NetB1_2 Pin=C2-2
Added Pin To Net: NetName=GND Pin=C3-1
Added Pin To Net: NetName=3.3V Pin=C3-2
Added Pin To Net: NetName=GND Pin=C4-1
Added Pin To Net: NetName=3.3V Pin=C4-2
Added Pin To Net: NetName=GND Pin=C5-1
Added Pin To Net: NetName=3.3V Pin=C5-2
Added Pin To Net: NetName=GND Pin=C6-1
Added Pin To Net: NetName=3.3V Pin=C6-2
Added Pin To Net: NetName=NetC7_1 Pin=C7-1
Added Pin To Net: NetName=GND Pin=C7-2
Added Pin To Net: NetName=NetC8_1 Pin=C8-1
Added Pin To Net: NetName=GND Pin=C8-2
Added Pin To Net: NetName=GND Pin=C9-1
Added Pin To Net: NetName=3.3V Pin=C9-2
Added Pin To Net: NetName=GND Pin=C10-1
Added Pin To Net: NetName=3.3V Pin=C10-2
Added Pin To Net: NetName=3.3V Pin=C11-1
Added Pin To Net: NetName=GND Pin=C11-2
Added Pin To Net: NetName=3.3V Pin=C12-1
Added Pin To Net: NetName=GND Pin=C12-2
Added Pin To Net: NetName=GND Pin=C13-1
Added Pin To Net: NetName=NetC13_2 Pin=C13-2
Added Pin To Net: NetName=GND Pin=C14-1
Added Pin To Net: NetName=NetC14_2 Pin=C14-2
Added Pin To Net: NetName=12V Pin=C15-1
Added Pin To Net: NetName=GND Pin=C15-2
Added Pin To Net: NetName=GND Pin=C16-1
Added Pin To Net: NetName=5V Pin=C16-2
Added Pin To Net: NetName=GND Pin=C17-1
Added Pin To Net: NetName=3.3V Pin=C17-2
Added Pin To Net: NetName=GND Pin=C18-1
Added Pin To Net: NetName=3.3V Pin=C18-2
Added Pin To Net: NetName=5V Pin=C19-1
Added Pin To Net: NetName=GND Pin=C19-2
Added Pin To Net: NetName=BOOT Pin=C20-1
Added Pin To Net: NetName=NetC20_2 Pin=C20-2
Added Pin To Net: NetName=GND Pin=C21-1
Added Pin To Net: NetName=12V Pin=C21-2
Added Pin To Net: NetName=3.3V Pin=C22-1
Added Pin To Net: NetName=GND Pin=C22-2
Added Pin To Net: NetName=GND Pin=C23-1
Added Pin To Net: NetName=5V Pin=C23-2
Added Pin To Net: NetName=ADJ Pin=C24-1
Added Pin To Net: NetName=GND Pin=C24-2
Added Pin To Net: NetName=5V Pin=C25-1
Added Pin To Net: NetName=GND Pin=C25-2
Added Pin To Net: NetName=GND Pin=D1-1
Added Pin To Net: NetName=NetC20_2 Pin=D1-2
Added Pin To Net: NetName=3.3V Pin=D2-1
Added Pin To Net: NetName=5V Pin=D2-2
Added Pin To Net: NetName=ADJ Pin=D3-1
Added Pin To Net: NetName=3.3V Pin=D3-2
Added Pin To Net: NetName=NetB1_2 Pin=E1-1
Added Pin To Net: NetName=GND Pin=E1-2
Added Pin To Net: NetName=NetL1_1 Pin=L1-1
Added Pin To Net: NetName=LED Pin=L1-2
Added Pin To Net: NetName=NetL2_1 Pin=L2-1
Added Pin To Net: NetName=GND Pin=L2-2
Added Pin To Net: NetName=NetL3_1 Pin=L3-1
Added Pin To Net: NetName=PIN_19 Pin=L3-2
Added Pin To Net: NetName=NetL4_1 Pin=L4-1
Added Pin To Net: NetName=PIN_18 Pin=L4-2
Added Pin To Net: NetName=NetC20_2 Pin=L5-1
Added Pin To Net: NetName=5V Pin=L5-2
Added Pin To Net: NetName=3.3V Pin=P1-1
Added Pin To Net: NetName=SWDIO Pin=P1-2
Added Pin To Net: NetName=GND Pin=P1-3
Added Pin To Net: NetName=SWDCLK Pin=P1-4
Added Pin To Net: NetName=GND Pin=P1-5
Added Pin To Net: NetName=GND Pin=P1-9
Added Pin To Net: NetName=R\S\T\ Pin=P1-10
Added Pin To Net: NetName=3.3V Pin=P2-1
Added Pin To Net: NetName=ISP0 Pin=P2-2
Added Pin To Net: NetName=GND Pin=P2-3
Added Pin To Net: NetName=3.3V Pin=P3-1
Added Pin To Net: NetName=ISP1 Pin=P3-2
Added Pin To Net: NetName=GND Pin=P3-3
Added Pin To Net: NetName=GND Pin=P4-1
Added Pin To Net: NetName=TX Pin=P4-2
Added Pin To Net: NetName=RX Pin=P4-3
Added Pin To Net: NetName=K-LINE Pin=R1-1
Added Pin To Net: NetName=12V Pin=R1-2
Added Pin To Net: NetName=5V Pin=R2-1
Added Pin To Net: NetName=NetL2_1 Pin=R2-2
Added Pin To Net: NetName=5V Pin=R3-1
Added Pin To Net: NetName=NetL3_1 Pin=R3-2
Added Pin To Net: NetName=5V Pin=R4-1
Added Pin To Net: NetName=NetL4_1 Pin=R4-2
Added Pin To Net: NetName=NetC14_2 Pin=R5-1
Added Pin To Net: NetName=CAN_H Pin=R5-2
Added Pin To Net: NetName=NetC13_2 Pin=R6-1
Added Pin To Net: NetName=CAN_H Pin=R6-2
Added Pin To Net: NetName=NetR7_1 Pin=R7-1
Added Pin To Net: NetName=5V Pin=R7-2
Added Pin To Net: NetName=VFB Pin=R8-1
Added Pin To Net: NetName=5V Pin=R8-2
Added Pin To Net: NetName=GND Pin=R9-1
Added Pin To Net: NetName=VFB Pin=R9-2
Added Pin To Net: NetName=ADJ Pin=R10-1
Added Pin To Net: NetName=3.3V Pin=R10-2
Added Pin To Net: NetName=GND Pin=R11-1
Added Pin To Net: NetName=ADJ Pin=R11-2
Added Pin To Net: NetName=3.3V Pin=R12-1
Added Pin To Net: NetName=SWDIO Pin=R12-2
Added Pin To Net: NetName=GND Pin=R13-1
Added Pin To Net: NetName=SWDCLK Pin=R13-2
Added Pin To Net: NetName=GND Pin=U1-1
Added Pin To Net: NetName=GND Pin=U1-1
Added Pin To Net: NetName=GND Pin=U1-1
Added Pin To Net: NetName=GND Pin=U1-1
Added Pin To Net: NetName=GND Pin=U1-1
Added Pin To Net: NetName=GND Pin=U1-1
Added Pin To Net: NetName=GND Pin=U1-1
Added Pin To Net: NetName=D+ Pin=U1-3
Added Pin To Net: NetName=D- Pin=U1-4
Added Pin To Net: NetName=5V Pin=U1-5
Added Pin To Net: NetName=GND Pin=U2-1
Added Pin To Net: NetName=3.3V Pin=U2-2
Added Pin To Net: NetName=NetL1_1 Pin=U2-4
Added Pin To Net: NetName=NetL1_1 Pin=U2-5
Added Pin To Net: NetName=R\S\T\ Pin=U2-19
Added Pin To Net: NetName=BL_RX Pin=U2-20
Added Pin To Net: NetName=BL_TX Pin=U2-21
Added Pin To Net: NetName=LED Pin=U2-28
Added Pin To Net: NetName=GND Pin=U2-29
Added Pin To Net: NetName=NetB1_1 Pin=U2-30
Added Pin To Net: NetName=GND Pin=U3-4
Added Pin To Net: NetName=GND Pin=U3-5
Added Pin To Net: NetName=CAN_H Pin=U3-6
Added Pin To Net: NetName=K-LINE Pin=U3-7
Added Pin To Net: NetName=CAN_L Pin=U3-14
Added Pin To Net: NetName=12V Pin=U3-16
Added Pin To Net: NetName=NetU4_1 Pin=U4-1
Added Pin To Net: NetName=GND Pin=U4-2
Added Pin To Net: NetName=5V Pin=U4-3
Added Pin To Net: NetName=NetU4_4 Pin=U4-4
Added Pin To Net: NetName=3.3V Pin=U4-5
Added Pin To Net: NetName=CAN_L Pin=U4-6
Added Pin To Net: NetName=CAN_H Pin=U4-7
Added Pin To Net: NetName=GND Pin=U4-8
Added Pin To Net: NetName=BL_TX Pin=U5-1
Added Pin To Net: NetName=BL_RX Pin=U5-2
Added Pin To Net: NetName=ISP0 Pin=U5-5
Added Pin To Net: NetName=NetU5_8 Pin=U5-8
Added Pin To Net: NetName=NetR7_1 Pin=U5-9
Added Pin To Net: NetName=3.3V Pin=U5-10
Added Pin To Net: NetName=GND Pin=U5-11
Added Pin To Net: NetName=NetU4_4 Pin=U5-12
Added Pin To Net: NetName=NetU4_1 Pin=U5-13
Added Pin To Net: NetName=3.3V Pin=U5-14
Added Pin To Net: NetName=3.3V Pin=U5-16
Added Pin To Net: NetName=GND Pin=U5-17
Added Pin To Net: NetName=PIN_18 Pin=U5-18
Added Pin To Net: NetName=PIN_19 Pin=U5-19
Added Pin To Net: NetName=GND Pin=U5-20
Added Pin To Net: NetName=RX Pin=U5-22
Added Pin To Net: NetName=TX Pin=U5-23
Added Pin To Net: NetName=ISP1 Pin=U5-24
Added Pin To Net: NetName=NetC7_1 Pin=U5-25
Added Pin To Net: NetName=NetC8_1 Pin=U5-26
Added Pin To Net: NetName=3.3V Pin=U5-27
Added Pin To Net: NetName=SWDCLK Pin=U5-29
Added Pin To Net: NetName=3.3V Pin=U5-30
Added Pin To Net: NetName=SWDIO Pin=U5-33
Added Pin To Net: NetName=R\S\T\ Pin=U5-34
Added Pin To Net: NetName=D+ Pin=U5-35
Added Pin To Net: NetName=D- Pin=U5-36
Added Pin To Net: NetName=3.3V Pin=U5-39
Added Pin To Net: NetName=GND Pin=U5-40
Added Pin To Net: NetName=GND Pin=U5-41
Added Pin To Net: NetName=3.3V Pin=U5-42
Added Pin To Net: NetName=12V Pin=U6-1
Added Pin To Net: NetName=GND Pin=U6-3
Added Pin To Net: NetName=K-LINE Pin=U6-4
Added Pin To Net: NetName=NetR7_1 Pin=U6-5
Added Pin To Net: NetName=NetU5_8 Pin=U6-6
Added Pin To Net: NetName=5V Pin=U6-7
Added Pin To Net: NetName=5V Pin=U6-8
Added Pin To Net: NetName=BOOT Pin=U7-1
Added Pin To Net: NetName=VFB Pin=U7-4
Added Pin To Net: NetName=GND Pin=U7-6
Added Pin To Net: NetName=12V Pin=U7-7
Added Pin To Net: NetName=NetC20_2 Pin=U7-8
Added Pin To Net: NetName=5V Pin=U8-1
Added Pin To Net: NetName=3.3V Pin=U8-2
Added Pin To Net: NetName=3.3V Pin=U8-3
Added Pin To Net: NetName=ADJ Pin=U8-4
Added Pin To Net: NetName=3.3V Pin=U8-6
Added Pin To Net: NetName=3.3V Pin=U8-7
Added Pin To Net: NetName=NetC8_1 Pin=X1-1
Added Pin To Net: NetName=NetC7_1 Pin=X1-2
Added Member To Class: ClassName=Bluetooth Member=Component B1 1nh
Added Member To Class: ClassName=Bluetooth Member=Component C1 15pf
Added Member To Class: ClassName=Bluetooth Member=Component C2 15pF
Added Member To Class: ClassName=Bluetooth Member=Component C3 0.1uF
Added Member To Class: ClassName=Bluetooth Member=Component C4 4.7uF
Added Member To Class: ClassName=Core Member=Component C5 10uF
Added Member To Class: ClassName=Core Member=Component C6 0.1uF
Added Member To Class: ClassName=Core Member=Component C7 22pF
Added Member To Class: ClassName=Core Member=Component C8 22pF
Added Member To Class: ClassName=Core Member=Component C9 4.7uF
Added Member To Class: ClassName=Core Member=Component C10 0.1uF
Added Member To Class: ClassName=Core Member=Component C11 10uF
Added Member To Class: ClassName=Core Member=Component C12 0.1uF
Added Member To Class: ClassName=Core Member=Component C13 560pF
Added Member To Class: ClassName=Core Member=Component C14 560pF
Added Member To Class: ClassName=Core Member=Component C15 0.1uF
Added Member To Class: ClassName=Core Member=Component C16 0.1uF
Added Member To Class: ClassName=Core Member=Component C17 0.1uF
Added Member To Class: ClassName=Core Member=Component C18 4.7uF
Added Member To Class: ClassName=Power Member=Component C19 220uF
Added Member To Class: ClassName=Power Member=Component C20 0.01uF
Added Member To Class: ClassName=Power Member=Component C21 10uF
Added Member To Class: ClassName=Power Member=Component C22 10uF/16V
Added Member To Class: ClassName=Power Member=Component C23 0.1uF
Added Member To Class: ClassName=Power Member=Component C24 10uF/16V
Added Member To Class: ClassName=Core Member=Component C25 0.1uF
Added Member To Class: ClassName=Core Member=Component C26 0.1uF
Added Member To Class: ClassName=Power Member=Component D1 B340A
Added Member To Class: ClassName=Power Member=Component D2 1N4007
Added Member To Class: ClassName=Power Member=Component D3 1N4007
Added Member To Class: ClassName=Bluetooth Member=Component E1 PCB_ANT
Added Member To Class: ClassName=Bluetooth Member=Component L1 LED
Added Member To Class: ClassName=Core Member=Component L2 LED
Added Member To Class: ClassName=Core Member=Component L3 LED
Added Member To Class: ClassName=Core Member=Component L4 LED
Added Member To Class: ClassName=Power Member=Component L5 15uH
Added Member To Class: ClassName=Core Member=Component P1 Debug
Added Member To Class: ClassName=Core Member=Component P2 
Added Member To Class: ClassName=Core Member=Component P3 
Added Member To Class: ClassName=Core Member=Component P4 downloader
Added Member To Class: ClassName=Core Member=Component R1 510R
Added Member To Class: ClassName=Core Member=Component R2 330R
Added Member To Class: ClassName=Core Member=Component R3 330R
Added Member To Class: ClassName=Core Member=Component R4 330R
Added Member To Class: ClassName=Core Member=Component R5 100R
Added Member To Class: ClassName=Core Member=Component R6 100R
Added Member To Class: ClassName=Core Member=Component R7 3.3K
Added Member To Class: ClassName=Power Member=Component R8 10K
Added Member To Class: ClassName=Power Member=Component R9 3.24K
Added Member To Class: ClassName=Power Member=Component R10 470R
Added Member To Class: ClassName=Power Member=Component R11 820R
Added Member To Class: ClassName=Core Member=Component R12 10K
Added Member To Class: ClassName=Core Member=Component R13 10K
Added Member To Class: ClassName=USB Member=Component U1 MicroUSB
Added Member To Class: ClassName=Bluetooth Member=Component U2 BM78SPP05NC2
Added Member To Class: ClassName=Core Member=Component U3 OBD-Connector
Added Member To Class: ClassName=Core Member=Component U4 TJF1051T / 3
Added Member To Class: ClassName=Core Member=Component U5 LPC1549
Added Member To Class: ClassName=Core Member=Component U6 MC33660EFR2
Added Member To Class: ClassName=Power Member=Component U7 TPS5430
Added Member To Class: ClassName=Power Member=Component U8 LM317L
Added Member To Class: ClassName=Core Member=Component X1 12MHZ
Added Room: Name=Bluetooth
Added Room: Name=Core
Added Room: Name=Power
Added Room: Name=USB
