21:22:30 **** Incremental Build of configuration Debug for project lpc_board_nxp_lpcxpresso_1549 ****
make -r all 
make: Nothing to be done for `all'.
21:22:31 **** Incremental Build of configuration Debug for project lpc_chip_15xx ****
make -r all 
make: Nothing to be done for `all'.
21:22:32 **** Incremental Build of configuration Debug for project periph_blinky ****
make -r all 
make: Nothing to be done for `all'.
21:22:42 **** Incremental Build of configuration Debug for project periph_blinky ****
make -r all 
make: Nothing to be done for `all'.
21:22:49 **** Incremental Build of configuration Debug for project periph_blinky ****
make -r all 
make: Nothing to be done for `all'.
21:23:00 **** Incremental Build of configuration Debug for project periph_blinky ****
make -r all 
make: Nothing to be done for `all'.
21:24:11 **** Incremental Build of configuration Debug for project periph_blinky ****
make -r all 
make: Nothing to be done for `all'.
